{"numFailedTestSuites":0,"numFailedTests":0,"numPassedTestSuites":2,"numPassedTests":8,"numPendingTestSuites":0,"numPendingTests":0,"numRuntimeErrorTestSuites":0,"numTodoTests":0,"numTotalTestSuites":2,"numTotalTests":8,"openHandles":[],"snapshot":{"added":0,"didUpdate":false,"failure":false,"filesAdded":0,"filesRemoved":0,"filesRemovedList":[],"filesUnmatched":0,"filesUpdated":0,"matched":0,"total":0,"unchecked":0,"uncheckedKeysByFile":[],"unmatched":0,"updated":0},"startTime":1766765887973,"success":false,"testResults":[{"assertionResults":[{"ancestorTitles":["api","getAuthHeaders"],"duration":7,"failing":false,"failureDetails":[],"failureMessages":[],"fullName":"api getAuthHeaders should return headers with Bearer token when token exists","invocations":1,"location":null,"numPassingAsserts":2,"retryReasons":[],"startAt":1766765890633,"status":"passed","title":"should return headers with Bearer token when token exists"},{"ancestorTitles":["api","getAuthHeaders"],"duration":1,"failing":false,"failureDetails":[],"failureMessages":[],"fullName":"api getAuthHeaders should return empty object when no token exists","invocations":1,"location":null,"numPassingAsserts":1,"retryReasons":[],"startAt":1766765890640,"status":"passed","title":"should return empty object when no token exists"},{"ancestorTitles":["api","API_URL configuration"],"duration":1,"failing":false,"failureDetails":[],"failureMessages":[],"fullName":"api API_URL configuration should use environment variable when available","invocations":1,"location":null,"numPassingAsserts":1,"retryReasons":[],"startAt":1766765890641,"status":"passed","title":"should use environment variable when available"}],"endTime":1766765890644,"message":"","name":"/home/runner/work/GigCentral/GigCentral/mobile/lib/__tests__/api.test.ts","startTime":1766765888198,"status":"passed","summary":""},{"assertionResults":[{"ancestorTitles":["AuthContext"],"duration":76,"failing":false,"failureDetails":[],"failureMessages":[],"fullName":"AuthContext should provide initial auth state","invocations":1,"location":null,"numPassingAsserts":3,"retryReasons":[],"startAt":1766765890780,"status":"passed","title":"should provide initial auth state"},{"ancestorTitles":["AuthContext"],"duration":55,"failing":false,"failureDetails":[],"failureMessages":[],"fullName":"AuthContext should handle login successfully","invocations":1,"location":null,"numPassingAsserts":3,"retryReasons":[],"startAt":1766765890856,"status":"passed","title":"should handle login successfully"},{"ancestorTitles":["AuthContext"],"duration":54,"failing":false,"failureDetails":[],"failureMessages":[],"fullName":"AuthContext should handle signup successfully","invocations":1,"location":null,"numPassingAsserts":3,"retryReasons":[],"startAt":1766765890912,"status":"passed","title":"should handle signup successfully"},{"ancestorTitles":["AuthContext"],"duration":55,"failing":false,"failureDetails":[],"failureMessages":[],"fullName":"AuthContext should handle logout","invocations":1,"location":null,"numPassingAsserts":4,"retryReasons":[],"startAt":1766765890966,"status":"passed","title":"should handle logout"},{"ancestorTitles":["AuthContext"],"duration":28,"failing":false,"failureDetails":[],"failureMessages":[],"fullName":"AuthContext should throw error when useAuth is used outside AuthProvider","invocations":1,"location":null,"numPassingAsserts":1,"retryReasons":[],"startAt":1766765891021,"status":"passed","title":"should throw error when useAuth is used outside AuthProvider"}],"endTime":1766765891052,"message":"","name":"/home/runner/work/GigCentral/GigCentral/mobile/contexts/__tests__/AuthContext.test.tsx","startTime":1766765888194,"status":"passed","summary":""}],"wasInterrupted":false,"coverageMap":{"/home/runner/work/GigCentral/GigCentral/mobile/lib/api.ts":{"path":"/home/runner/work/GigCentral/GigCentral/mobile/lib/api.ts","statementMap":{"0":{"start":{"line":4,"column":16},"end":{"line":4,"column":81}},"1":{"start":{"line":6,"column":12},"end":{"line":11,"column":2}},"2":{"start":{"line":14,"column":0},"end":{"line":20,"column":3}},"3":{"start":{"line":15,"column":16},"end":{"line":15,"column":61}},"4":{"start":{"line":16,"column":2},"end":{"line":18,"column":3}},"5":{"start":{"line":17,"column":4},"end":{"line":17,"column":53}},"6":{"start":{"line":19,"column":2},"end":{"line":19,"column":16}},"7":{"start":{"line":23,"column":0},"end":{"line":54,"column":2}},"8":{"start":{"line":24,"column":16},"end":{"line":24,"column":24}},"9":{"start":{"line":26,"column":28},"end":{"line":26,"column":40}},"10":{"start":{"line":28,"column":4},"end":{"line":50,"column":5}},"11":{"start":{"line":29,"column":6},"end":{"line":29,"column":36}},"12":{"start":{"line":31,"column":6},"end":{"line":49,"column":7}},"13":{"start":{"line":32,"column":29},"end":{"line":32,"column":75}},"14":{"start":{"line":33,"column":8},"end":{"line":44,"column":9}},"15":{"start":{"line":34,"column":27},"end":{"line":36,"column":12}},"16":{"start":{"line":38,"column":65},"end":{"line":38,"column":78}},"17":{"start":{"line":39,"column":10},"end":{"line":39,"column":69}},"18":{"start":{"line":40,"column":10},"end":{"line":40,"column":74}},"19":{"start":{"line":42,"column":10},"end":{"line":42,"column":74}},"20":{"start":{"line":43,"column":10},"end":{"line":43,"column":38}},"21":{"start":{"line":46,"column":8},"end":{"line":46,"column":57}},"22":{"start":{"line":47,"column":8},"end":{"line":47,"column":58}},"23":{"start":{"line":52,"column":4},"end":{"line":52,"column":33}},"24":{"start":{"line":57,"column":30},"end":{"line":60,"column":1}},"25":{"start":{"line":58,"column":16},"end":{"line":58,"column":61}},"26":{"start":{"line":59,"column":2},"end":{"line":59,"column":59}}},"fnMap":{"0":{"name":"(anonymous_0)","decl":{"start":{"line":14,"column":29},"end":{"line":14,"column":30}},"loc":{"start":{"line":14,"column":47},"end":{"line":20,"column":1}},"line":14},"1":{"name":"(anonymous_1)","decl":{"start":{"line":24,"column":2},"end":{"line":24,"column":3}},"loc":{"start":{"line":24,"column":16},"end":{"line":24,"column":24}},"line":24},"2":{"name":"(anonymous_2)","decl":{"start":{"line":25,"column":2},"end":{"line":25,"column":3}},"loc":{"start":{"line":25,"column":19},"end":{"line":53,"column":3}},"line":25},"3":{"name":"(anonymous_3)","decl":{"start":{"line":57,"column":30},"end":{"line":57,"column":31}},"loc":{"start":{"line":57,"column":42},"end":{"line":60,"column":1}},"line":57}},"branchMap":{"0":{"loc":{"start":{"line":4,"column":16},"end":{"line":4,"column":81}},"type":"binary-expr","locations":[{"start":{"line":4,"column":16},"end":{"line":4,"column":47}},{"start":{"line":4,"column":51},"end":{"line":4,"column":81}}],"line":4},"1":{"loc":{"start":{"line":16,"column":2},"end":{"line":18,"column":3}},"type":"if","locations":[{"start":{"line":16,"column":2},"end":{"line":18,"column":3}},{"start":{},"end":{}}],"line":16},"2":{"loc":{"start":{"line":28,"column":4},"end":{"line":50,"column":5}},"type":"if","locations":[{"start":{"line":28,"column":4},"end":{"line":50,"column":5}},{"start":{},"end":{}}],"line":28},"3":{"loc":{"start":{"line":28,"column":8},"end":{"line":28,"column":65}},"type":"binary-expr","locations":[{"start":{"line":28,"column":8},"end":{"line":28,"column":38}},{"start":{"line":28,"column":42},"end":{"line":28,"column":65}}],"line":28},"4":{"loc":{"start":{"line":33,"column":8},"end":{"line":44,"column":9}},"type":"if","locations":[{"start":{"line":33,"column":8},"end":{"line":44,"column":9}},{"start":{},"end":{}}],"line":33},"5":{"loc":{"start":{"line":59,"column":9},"end":{"line":59,"column":58}},"type":"cond-expr","locations":[{"start":{"line":59,"column":17},"end":{"line":59,"column":53}},{"start":{"line":59,"column":56},"end":{"line":59,"column":58}}],"line":59}},"s":{"0":1,"1":1,"2":1,"3":0,"4":0,"5":0,"6":0,"7":1,"8":0,"9":0,"10":0,"11":0,"12":0,"13":0,"14":0,"15":0,"16":0,"17":0,"18":0,"19":0,"20":0,"21":0,"22":0,"23":0,"24":1,"25":2,"26":2},"f":{"0":0,"1":0,"2":0,"3":2},"b":{"0":[1,1],"1":[0,0],"2":[0,0],"3":[0,0],"4":[0,0],"5":[1,1]},"_coverageSchema":"1a1c01bbd47fc00a2c39e90264f33305004495a9","hash":"1fc35b0983dfc2d91f82e8b5c53e1116b2e6a60a"},"/home/runner/work/GigCentral/GigCentral/mobile/contexts/AuthContext.tsx":{"path":"/home/runner/work/GigCentral/GigCentral/mobile/contexts/AuthContext.tsx","statementMap":{"0":{"start":{"line":13,"column":20},"end":{"line":13,"column":73}},"1":{"start":{"line":15,"column":28},"end":{"line":57,"column":1}},"2":{"start":{"line":16,"column":26},"end":{"line":16,"column":53}},"3":{"start":{"line":17,"column":36},"end":{"line":17,"column":50}},"4":{"start":{"line":19,"column":2},"end":{"line":21,"column":9}},"5":{"start":{"line":20,"column":4},"end":{"line":20,"column":16}},"6":{"start":{"line":23,"column":20},"end":{"line":35,"column":3}},"7":{"start":{"line":24,"column":4},"end":{"line":34,"column":5}},"8":{"start":{"line":25,"column":6},"end":{"line":25,"column":56}},"9":{"start":{"line":26,"column":21},"end":{"line":26,"column":56}},"10":{"start":{"line":27,"column":6},"end":{"line":27,"column":60}},"11":{"start":{"line":29,"column":6},"end":{"line":29,"column":26}},"12":{"start":{"line":30,"column":6},"end":{"line":30,"column":53}},"13":{"start":{"line":32,"column":6},"end":{"line":32,"column":60}},"14":{"start":{"line":33,"column":6},"end":{"line":33,"column":26}},"15":{"start":{"line":37,"column":16},"end":{"line":40,"column":3}},"16":{"start":{"line":38,"column":21},"end":{"line":38,"column":61}},"17":{"start":{"line":39,"column":4},"end":{"line":39,"column":27}},"18":{"start":{"line":42,"column":17},"end":{"line":45,"column":3}},"19":{"start":{"line":43,"column":21},"end":{"line":43,"column":75}},"20":{"start":{"line":44,"column":4},"end":{"line":44,"column":27}},"21":{"start":{"line":47,"column":17},"end":{"line":50,"column":3}},"22":{"start":{"line":48,"column":4},"end":{"line":48,"column":31}},"23":{"start":{"line":49,"column":4},"end":{"line":49,"column":18}},"24":{"start":{"line":52,"column":2},"end":{"line":56,"column":4}},"25":{"start":{"line":59,"column":23},"end":{"line":65,"column":1}},"26":{"start":{"line":60,"column":18},"end":{"line":60,"column":41}},"27":{"start":{"line":61,"column":2},"end":{"line":63,"column":3}},"28":{"start":{"line":62,"column":4},"end":{"line":62,"column":64}},"29":{"start":{"line":64,"column":2},"end":{"line":64,"column":17}}},"fnMap":{"0":{"name":"(anonymous_0)","decl":{"start":{"line":15,"column":28},"end":{"line":15,"column":29}},"loc":{"start":{"line":15,"column":71},"end":{"line":57,"column":1}},"line":15},"1":{"name":"(anonymous_1)","decl":{"start":{"line":19,"column":12},"end":{"line":19,"column":13}},"loc":{"start":{"line":19,"column":18},"end":{"line":21,"column":3}},"line":19},"2":{"name":"(anonymous_2)","decl":{"start":{"line":23,"column":20},"end":{"line":23,"column":21}},"loc":{"start":{"line":23,"column":32},"end":{"line":35,"column":3}},"line":23},"3":{"name":"(anonymous_3)","decl":{"start":{"line":37,"column":16},"end":{"line":37,"column":17}},"loc":{"start":{"line":37,"column":59},"end":{"line":40,"column":3}},"line":37},"4":{"name":"(anonymous_4)","decl":{"start":{"line":42,"column":17},"end":{"line":42,"column":18}},"loc":{"start":{"line":42,"column":82},"end":{"line":45,"column":3}},"line":42},"5":{"name":"(anonymous_5)","decl":{"start":{"line":47,"column":17},"end":{"line":47,"column":18}},"loc":{"start":{"line":47,"column":29},"end":{"line":50,"column":3}},"line":47},"6":{"name":"(anonymous_6)","decl":{"start":{"line":59,"column":23},"end":{"line":59,"column":24}},"loc":{"start":{"line":59,"column":29},"end":{"line":65,"column":1}},"line":59}},"branchMap":{"0":{"loc":{"start":{"line":61,"column":2},"end":{"line":63,"column":3}},"type":"if","locations":[{"start":{"line":61,"column":2},"end":{"line":63,"column":3}},{"start":{},"end":{}}],"line":61}},"s":{"0":1,"1":1,"2":12,"3":12,"4":12,"5":4,"6":12,"7":4,"8":4,"9":4,"10":4,"11":4,"12":4,"13":0,"14":0,"15":12,"16":2,"17":2,"18":12,"19":1,"20":1,"21":12,"22":1,"23":1,"24":12,"25":1,"26":14,"27":14,"28":2,"29":12},"f":{"0":12,"1":4,"2":4,"3":2,"4":1,"5":1,"6":14},"b":{"0":[2,12]},"_coverageSchema":"1a1c01bbd47fc00a2c39e90264f33305004495a9","hash":"bbbdacd0e91e30aafc464d1f4ce6ff8dd89b133a"},"/home/runner/work/GigCentral/GigCentral/mobile/app/(tabs)/library.tsx":{"path":"/home/runner/work/GigCentral/GigCentral/mobile/app/(tabs)/library.tsx","statementMap":{"0":{"start":{"line":17,"column":17},"end":{"line":17,"column":28}},"1":{"start":{"line":18,"column":20},"end":{"line":18,"column":30}},"2":{"start":{"line":19,"column":38},"end":{"line":22,"column":4}},"3":{"start":{"line":21,"column":19},"end":{"line":21,"column":43}},"4":{"start":{"line":24,"column":17},"end":{"line":24,"column":36}},"5":{"start":{"line":26,"column":2},"end":{"line":32,"column":3}},"6":{"start":{"line":27,"column":4},"end":{"line":31,"column":6}},"7":{"start":{"line":34,"column":2},"end":{"line":73,"column":4}},"8":{"start":{"line":38,"column":32},"end":{"line":38,"column":39}},"9":{"start":{"line":40,"column":10},"end":{"line":55,"column":29}},"10":{"start":{"line":42,"column":27},"end":{"line":42,"column":59}},"11":{"start":{"line":68,"column":23},"end":{"line":68,"column":45}},"12":{"start":{"line":76,"column":21},"end":{"line":151,"column":2}},"13":{"start":{"line":76,"column":37},"end":{"line":151,"column":2}}},"fnMap":{"0":{"name":"LibraryScreen","decl":{"start":{"line":16,"column":24},"end":{"line":16,"column":37}},"loc":{"start":{"line":16,"column":40},"end":{"line":74,"column":1}},"line":16},"1":{"name":"(anonymous_1)","decl":{"start":{"line":21,"column":13},"end":{"line":21,"column":14}},"loc":{"start":{"line":21,"column":19},"end":{"line":21,"column":43}},"line":21},"2":{"name":"(anonymous_2)","decl":{"start":{"line":38,"column":22},"end":{"line":38,"column":23}},"loc":{"start":{"line":38,"column":32},"end":{"line":38,"column":39}},"line":38},"3":{"name":"(anonymous_3)","decl":{"start":{"line":39,"column":20},"end":{"line":39,"column":21}},"loc":{"start":{"line":40,"column":10},"end":{"line":55,"column":29}},"line":40},"4":{"name":"(anonymous_4)","decl":{"start":{"line":42,"column":21},"end":{"line":42,"column":22}},"loc":{"start":{"line":42,"column":27},"end":{"line":42,"column":59}},"line":42},"5":{"name":"(anonymous_5)","decl":{"start":{"line":68,"column":17},"end":{"line":68,"column":18}},"loc":{"start":{"line":68,"column":23},"end":{"line":68,"column":45}},"line":68},"6":{"name":"(anonymous_6)","decl":{"start":{"line":76,"column":21},"end":{"line":76,"column":22}},"loc":{"start":{"line":76,"column":37},"end":{"line":151,"column":2}},"line":76}},"branchMap":{"0":{"loc":{"start":{"line":26,"column":2},"end":{"line":32,"column":3}},"type":"if","locations":[{"start":{"line":26,"column":2},"end":{"line":32,"column":3}},{"start":{},"end":{}}],"line":26},"1":{"loc":{"start":{"line":46,"column":15},"end":{"line":48,"column":15}},"type":"binary-expr","locations":[{"start":{"line":46,"column":15},"end":{"line":46,"column":26}},{"start":{"line":47,"column":16},"end":{"line":47,"column":69}}],"line":46},"2":{"loc":{"start":{"line":50,"column":13},"end":{"line":54,"column":13}},"type":"binary-expr","locations":[{"start":{"line":50,"column":13},"end":{"line":50,"column":21}},{"start":{"line":51,"column":14},"end":{"line":53,"column":21}}],"line":50}},"s":{"0":0,"1":0,"2":0,"3":0,"4":0,"5":0,"6":0,"7":0,"8":0,"9":0,"10":0,"11":0,"12":0,"13":0},"f":{"0":0,"1":0,"2":0,"3":0,"4":0,"5":0,"6":0},"b":{"0":[0,0],"1":[0,0],"2":[0,0]}},"/home/runner/work/GigCentral/GigCentral/mobile/lib/services.ts":{"path":"/home/runner/work/GigCentral/GigCentral/mobile/lib/services.ts","statementMap":{"0":{"start":{"line":5,"column":16},"end":{"line":38,"column":1}},"1":{"start":{"line":7,"column":4},"end":{"line":15,"column":5}},"2":{"start":{"line":8,"column":6},"end":{"line":8,"column":49}},"3":{"start":{"line":11,"column":6},"end":{"line":11,"column":77}},"4":{"start":{"line":12,"column":6},"end":{"line":14,"column":7}},"5":{"start":{"line":13,"column":8},"end":{"line":13,"column":41}},"6":{"start":{"line":18,"column":4},"end":{"line":26,"column":5}},"7":{"start":{"line":19,"column":6},"end":{"line":19,"column":49}},"8":{"start":{"line":22,"column":6},"end":{"line":24,"column":7}},"9":{"start":{"line":23,"column":8},"end":{"line":23,"column":41}},"10":{"start":{"line":25,"column":6},"end":{"line":25,"column":18}},"11":{"start":{"line":29,"column":4},"end":{"line":36,"column":5}},"12":{"start":{"line":30,"column":6},"end":{"line":30,"column":45}},"13":{"start":{"line":33,"column":6},"end":{"line":35,"column":7}},"14":{"start":{"line":34,"column":8},"end":{"line":34,"column":37}},"15":{"start":{"line":40,"column":27},"end":{"line":75,"column":1}},"16":{"start":{"line":42,"column":21},"end":{"line":46,"column":6}},"17":{"start":{"line":48,"column":4},"end":{"line":48,"column":68}},"18":{"start":{"line":49,"column":4},"end":{"line":49,"column":70}},"19":{"start":{"line":51,"column":4},"end":{"line":51,"column":25}},"20":{"start":{"line":55,"column":21},"end":{"line":58,"column":6}},"21":{"start":{"line":60,"column":4},"end":{"line":60,"column":68}},"22":{"start":{"line":61,"column":4},"end":{"line":61,"column":70}},"23":{"start":{"line":63,"column":4},"end":{"line":63,"column":25}},"24":{"start":{"line":67,"column":4},"end":{"line":67,"column":44}},"25":{"start":{"line":68,"column":4},"end":{"line":68,"column":45}},"26":{"start":{"line":72,"column":18},"end":{"line":72,"column":54}},"27":{"start":{"line":73,"column":4},"end":{"line":73,"column":19}},"28":{"start":{"line":77,"column":28},"end":{"line":121,"column":1}},"29":{"start":{"line":79,"column":21},"end":{"line":81,"column":6}},"30":{"start":{"line":82,"column":4},"end":{"line":82,"column":25}},"31":{"start":{"line":86,"column":21},"end":{"line":86,"column":51}},"32":{"start":{"line":87,"column":4},"end":{"line":87,"column":25}},"33":{"start":{"line":91,"column":21},"end":{"line":91,"column":52}},"34":{"start":{"line":92,"column":4},"end":{"line":92,"column":25}},"35":{"start":{"line":96,"column":21},"end":{"line":96,"column":57}},"36":{"start":{"line":97,"column":4},"end":{"line":97,"column":25}},"37":{"start":{"line":101,"column":4},"end":{"line":101,"column":38}},"38":{"start":{"line":105,"column":21},"end":{"line":105,"column":59}},"39":{"start":{"line":106,"column":4},"end":{"line":106,"column":25}},"40":{"start":{"line":110,"column":21},"end":{"line":110,"column":67}},"41":{"start":{"line":111,"column":4},"end":{"line":111,"column":25}},"42":{"start":{"line":115,"column":21},"end":{"line":118,"column":6}},"43":{"start":{"line":119,"column":4},"end":{"line":119,"column":25}},"44":{"start":{"line":123,"column":32},"end":{"line":147,"column":1}},"45":{"start":{"line":125,"column":21},"end":{"line":125,"column":50}},"46":{"start":{"line":126,"column":4},"end":{"line":126,"column":25}},"47":{"start":{"line":130,"column":21},"end":{"line":130,"column":56}},"48":{"start":{"line":131,"column":4},"end":{"line":131,"column":25}},"49":{"start":{"line":135,"column":21},"end":{"line":135,"column":57}},"50":{"start":{"line":136,"column":4},"end":{"line":136,"column":25}},"51":{"start":{"line":140,"column":21},"end":{"line":140,"column":62}},"52":{"start":{"line":141,"column":4},"end":{"line":141,"column":25}},"53":{"start":{"line":145,"column":4},"end":{"line":145,"column":43}},"54":{"start":{"line":149,"column":30},"end":{"line":183,"column":1}},"55":{"start":{"line":151,"column":21},"end":{"line":151,"column":72}},"56":{"start":{"line":152,"column":4},"end":{"line":152,"column":25}},"57":{"start":{"line":156,"column":21},"end":{"line":156,"column":60}},"58":{"start":{"line":157,"column":4},"end":{"line":157,"column":25}},"59":{"start":{"line":161,"column":21},"end":{"line":164,"column":6}},"60":{"start":{"line":165,"column":4},"end":{"line":165,"column":25}},"61":{"start":{"line":169,"column":21},"end":{"line":172,"column":6}},"62":{"start":{"line":173,"column":4},"end":{"line":173,"column":25}},"63":{"start":{"line":177,"column":4},"end":{"line":177,"column":63}},"64":{"start":{"line":181,"column":4},"end":{"line":181,"column":65}},"65":{"start":{"line":185,"column":34},"end":{"line":195,"column":1}},"66":{"start":{"line":187,"column":21},"end":{"line":187,"column":50}},"67":{"start":{"line":188,"column":4},"end":{"line":188,"column":25}},"68":{"start":{"line":192,"column":21},"end":{"line":192,"column":56}},"69":{"start":{"line":193,"column":4},"end":{"line":193,"column":25}}},"fnMap":{"0":{"name":"(anonymous_0)","decl":{"start":{"line":6,"column":2},"end":{"line":6,"column":3}},"loc":{"start":{"line":6,"column":44},"end":{"line":16,"column":3}},"line":6},"1":{"name":"(anonymous_1)","decl":{"start":{"line":17,"column":2},"end":{"line":17,"column":3}},"loc":{"start":{"line":17,"column":53},"end":{"line":27,"column":3}},"line":17},"2":{"name":"(anonymous_2)","decl":{"start":{"line":28,"column":2},"end":{"line":28,"column":3}},"loc":{"start":{"line":28,"column":32},"end":{"line":37,"column":3}},"line":28},"3":{"name":"(anonymous_3)","decl":{"start":{"line":41,"column":2},"end":{"line":41,"column":3}},"loc":{"start":{"line":41,"column":93},"end":{"line":52,"column":3}},"line":41},"4":{"name":"(anonymous_4)","decl":{"start":{"line":54,"column":2},"end":{"line":54,"column":3}},"loc":{"start":{"line":54,"column":70},"end":{"line":64,"column":3}},"line":54},"5":{"name":"(anonymous_5)","decl":{"start":{"line":66,"column":2},"end":{"line":66,"column":3}},"loc":{"start":{"line":66,"column":32},"end":{"line":69,"column":3}},"line":66},"6":{"name":"(anonymous_6)","decl":{"start":{"line":71,"column":2},"end":{"line":71,"column":3}},"loc":{"start":{"line":71,"column":44},"end":{"line":74,"column":3}},"line":71},"7":{"name":"(anonymous_7)","decl":{"start":{"line":78,"column":2},"end":{"line":78,"column":3}},"loc":{"start":{"line":78,"column":59},"end":{"line":83,"column":3}},"line":78},"8":{"name":"(anonymous_8)","decl":{"start":{"line":85,"column":2},"end":{"line":85,"column":3}},"loc":{"start":{"line":85,"column":29},"end":{"line":88,"column":3}},"line":85},"9":{"name":"(anonymous_9)","decl":{"start":{"line":90,"column":2},"end":{"line":90,"column":3}},"loc":{"start":{"line":90,"column":31},"end":{"line":93,"column":3}},"line":90},"10":{"name":"(anonymous_10)","decl":{"start":{"line":95,"column":2},"end":{"line":95,"column":3}},"loc":{"start":{"line":95,"column":43},"end":{"line":98,"column":3}},"line":95},"11":{"name":"(anonymous_11)","decl":{"start":{"line":100,"column":2},"end":{"line":100,"column":3}},"loc":{"start":{"line":100,"column":32},"end":{"line":102,"column":3}},"line":100},"12":{"name":"(anonymous_12)","decl":{"start":{"line":104,"column":2},"end":{"line":104,"column":3}},"loc":{"start":{"line":104,"column":31},"end":{"line":107,"column":3}},"line":104},"13":{"name":"(anonymous_13)","decl":{"start":{"line":109,"column":2},"end":{"line":109,"column":3}},"loc":{"start":{"line":109,"column":96},"end":{"line":112,"column":3}},"line":109},"14":{"name":"(anonymous_14)","decl":{"start":{"line":114,"column":2},"end":{"line":114,"column":3}},"loc":{"start":{"line":114,"column":85},"end":{"line":120,"column":3}},"line":114},"15":{"name":"(anonymous_15)","decl":{"start":{"line":124,"column":2},"end":{"line":124,"column":3}},"loc":{"start":{"line":124,"column":25},"end":{"line":127,"column":3}},"line":124},"16":{"name":"(anonymous_16)","decl":{"start":{"line":129,"column":2},"end":{"line":129,"column":3}},"loc":{"start":{"line":129,"column":33},"end":{"line":132,"column":3}},"line":129},"17":{"name":"(anonymous_17)","decl":{"start":{"line":134,"column":2},"end":{"line":134,"column":3}},"loc":{"start":{"line":134,"column":35},"end":{"line":137,"column":3}},"line":134},"18":{"name":"(anonymous_18)","decl":{"start":{"line":139,"column":2},"end":{"line":139,"column":3}},"loc":{"start":{"line":139,"column":47},"end":{"line":142,"column":3}},"line":139},"19":{"name":"(anonymous_19)","decl":{"start":{"line":144,"column":2},"end":{"line":144,"column":3}},"loc":{"start":{"line":144,"column":36},"end":{"line":146,"column":3}},"line":144},"20":{"name":"(anonymous_20)","decl":{"start":{"line":150,"column":2},"end":{"line":150,"column":3}},"loc":{"start":{"line":150,"column":52},"end":{"line":153,"column":3}},"line":150},"21":{"name":"(anonymous_21)","decl":{"start":{"line":155,"column":2},"end":{"line":155,"column":3}},"loc":{"start":{"line":155,"column":38},"end":{"line":158,"column":3}},"line":155},"22":{"name":"(anonymous_22)","decl":{"start":{"line":160,"column":2},"end":{"line":160,"column":3}},"loc":{"start":{"line":160,"column":57},"end":{"line":166,"column":3}},"line":160},"23":{"name":"(anonymous_23)","decl":{"start":{"line":168,"column":2},"end":{"line":168,"column":3}},"loc":{"start":{"line":168,"column":71},"end":{"line":174,"column":3}},"line":168},"24":{"name":"(anonymous_24)","decl":{"start":{"line":176,"column":2},"end":{"line":176,"column":3}},"loc":{"start":{"line":176,"column":54},"end":{"line":178,"column":3}},"line":176},"25":{"name":"(anonymous_25)","decl":{"start":{"line":180,"column":2},"end":{"line":180,"column":3}},"loc":{"start":{"line":180,"column":83},"end":{"line":182,"column":3}},"line":180},"26":{"name":"(anonymous_26)","decl":{"start":{"line":186,"column":2},"end":{"line":186,"column":3}},"loc":{"start":{"line":186,"column":25},"end":{"line":189,"column":3}},"line":186},"27":{"name":"(anonymous_27)","decl":{"start":{"line":191,"column":2},"end":{"line":191,"column":3}},"loc":{"start":{"line":191,"column":37},"end":{"line":194,"column":3}},"line":191}},"branchMap":{"0":{"loc":{"start":{"line":12,"column":6},"end":{"line":14,"column":7}},"type":"if","locations":[{"start":{"line":12,"column":6},"end":{"line":14,"column":7}},{"start":{},"end":{}}],"line":12},"1":{"loc":{"start":{"line":22,"column":6},"end":{"line":24,"column":7}},"type":"if","locations":[{"start":{"line":22,"column":6},"end":{"line":24,"column":7}},{"start":{},"end":{}}],"line":22},"2":{"loc":{"start":{"line":33,"column":6},"end":{"line":35,"column":7}},"type":"if","locations":[{"start":{"line":33,"column":6},"end":{"line":35,"column":7}},{"start":{},"end":{}}],"line":33},"3":{"loc":{"start":{"line":78,"column":18},"end":{"line":78,"column":34}},"type":"default-arg","locations":[{"start":{"line":78,"column":33},"end":{"line":78,"column":34}}],"line":78},"4":{"loc":{"start":{"line":78,"column":36},"end":{"line":78,"column":57}},"type":"default-arg","locations":[{"start":{"line":78,"column":55},"end":{"line":78,"column":57}}],"line":78},"5":{"loc":{"start":{"line":114,"column":54},"end":{"line":114,"column":83}},"type":"default-arg","locations":[{"start":{"line":114,"column":78},"end":{"line":114,"column":83}}],"line":114}},"s":{"0":0,"1":0,"2":0,"3":0,"4":0,"5":0,"6":0,"7":0,"8":0,"9":0,"10":0,"11":0,"12":0,"13":0,"14":0,"15":0,"16":0,"17":0,"18":0,"19":0,"20":0,"21":0,"22":0,"23":0,"24":0,"25":0,"26":0,"27":0,"28":0,"29":0,"30":0,"31":0,"32":0,"33":0,"34":0,"35":0,"36":0,"37":0,"38":0,"39":0,"40":0,"41":0,"42":0,"43":0,"44":0,"45":0,"46":0,"47":0,"48":0,"49":0,"50":0,"51":0,"52":0,"53":0,"54":0,"55":0,"56":0,"57":0,"58":0,"59":0,"60":0,"61":0,"62":0,"63":0,"64":0,"65":0,"66":0,"67":0,"68":0,"69":0},"f":{"0":0,"1":0,"2":0,"3":0,"4":0,"5":0,"6":0,"7":0,"8":0,"9":0,"10":0,"11":0,"12":0,"13":0,"14":0,"15":0,"16":0,"17":0,"18":0,"19":0,"20":0,"21":0,"22":0,"23":0,"24":0,"25":0,"26":0,"27":0},"b":{"0":[0,0],"1":[0,0],"2":[0,0],"3":[0],"4":[0],"5":[0]}},"/home/runner/work/GigCentral/GigCentral/mobile/app/(tabs)/setlists.tsx":{"path":"/home/runner/work/GigCentral/GigCentral/mobile/app/(tabs)/setlists.tsx","statementMap":{"0":{"start":{"line":17,"column":17},"end":{"line":17,"column":28}},"1":{"start":{"line":18,"column":20},"end":{"line":18,"column":30}},"2":{"start":{"line":19,"column":43},"end":{"line":22,"column":4}},"3":{"start":{"line":21,"column":19},"end":{"line":21,"column":52}},"4":{"start":{"line":24,"column":17},"end":{"line":24,"column":36}},"5":{"start":{"line":26,"column":2},"end":{"line":32,"column":3}},"6":{"start":{"line":27,"column":4},"end":{"line":31,"column":6}},"7":{"start":{"line":34,"column":2},"end":{"line":72,"column":4}},"8":{"start":{"line":38,"column":32},"end":{"line":38,"column":39}},"9":{"start":{"line":40,"column":10},"end":{"line":54,"column":29}},"10":{"start":{"line":42,"column":27},"end":{"line":42,"column":63}},"11":{"start":{"line":67,"column":23},"end":{"line":67,"column":55}},"12":{"start":{"line":75,"column":21},"end":{"line":142,"column":2}},"13":{"start":{"line":75,"column":37},"end":{"line":142,"column":2}}},"fnMap":{"0":{"name":"SetlistsScreen","decl":{"start":{"line":16,"column":24},"end":{"line":16,"column":38}},"loc":{"start":{"line":16,"column":41},"end":{"line":73,"column":1}},"line":16},"1":{"name":"(anonymous_1)","decl":{"start":{"line":21,"column":13},"end":{"line":21,"column":14}},"loc":{"start":{"line":21,"column":19},"end":{"line":21,"column":52}},"line":21},"2":{"name":"(anonymous_2)","decl":{"start":{"line":38,"column":22},"end":{"line":38,"column":23}},"loc":{"start":{"line":38,"column":32},"end":{"line":38,"column":39}},"line":38},"3":{"name":"(anonymous_3)","decl":{"start":{"line":39,"column":20},"end":{"line":39,"column":21}},"loc":{"start":{"line":40,"column":10},"end":{"line":54,"column":29}},"line":40},"4":{"name":"(anonymous_4)","decl":{"start":{"line":42,"column":21},"end":{"line":42,"column":22}},"loc":{"start":{"line":42,"column":27},"end":{"line":42,"column":63}},"line":42},"5":{"name":"(anonymous_5)","decl":{"start":{"line":67,"column":17},"end":{"line":67,"column":18}},"loc":{"start":{"line":67,"column":23},"end":{"line":67,"column":55}},"line":67},"6":{"name":"(anonymous_6)","decl":{"start":{"line":75,"column":21},"end":{"line":75,"column":22}},"loc":{"start":{"line":75,"column":37},"end":{"line":142,"column":2}},"line":75}},"branchMap":{"0":{"loc":{"start":{"line":26,"column":2},"end":{"line":32,"column":3}},"type":"if","locations":[{"start":{"line":26,"column":2},"end":{"line":32,"column":3}},{"start":{},"end":{}}],"line":26},"1":{"loc":{"start":{"line":47,"column":15},"end":{"line":51,"column":15}},"type":"binary-expr","locations":[{"start":{"line":47,"column":15},"end":{"line":47,"column":31}},{"start":{"line":48,"column":16},"end":{"line":50,"column":23}}],"line":47}},"s":{"0":0,"1":0,"2":0,"3":0,"4":0,"5":0,"6":0,"7":0,"8":0,"9":0,"10":0,"11":0,"12":0,"13":0},"f":{"0":0,"1":0,"2":0,"3":0,"4":0,"5":0,"6":0},"b":{"0":[0,0],"1":[0,0]}},"/home/runner/work/GigCentral/GigCentral/mobile/app/(tabs)/_layout.tsx":{"path":"/home/runner/work/GigCentral/GigCentral/mobile/app/(tabs)/_layout.tsx","statementMap":{"0":{"start":{"line":7,"column":20},"end":{"line":7,"column":30}},"1":{"start":{"line":9,"column":2},"end":{"line":54,"column":4}},"2":{"start":{"line":31,"column":12},"end":{"line":31,"column":65}},"3":{"start":{"line":40,"column":12},"end":{"line":40,"column":62}},"4":{"start":{"line":49,"column":12},"end":{"line":49,"column":66}}},"fnMap":{"0":{"name":"TabLayout","decl":{"start":{"line":6,"column":24},"end":{"line":6,"column":33}},"loc":{"start":{"line":6,"column":36},"end":{"line":55,"column":1}},"line":6},"1":{"name":"(anonymous_1)","decl":{"start":{"line":30,"column":22},"end":{"line":30,"column":23}},"loc":{"start":{"line":31,"column":12},"end":{"line":31,"column":65}},"line":31},"2":{"name":"(anonymous_2)","decl":{"start":{"line":39,"column":22},"end":{"line":39,"column":23}},"loc":{"start":{"line":40,"column":12},"end":{"line":40,"column":62}},"line":40},"3":{"name":"(anonymous_3)","decl":{"start":{"line":48,"column":22},"end":{"line":48,"column":23}},"loc":{"start":{"line":49,"column":12},"end":{"line":49,"column":66}},"line":49}},"branchMap":{},"s":{"0":0,"1":0,"2":0,"3":0,"4":0},"f":{"0":0,"1":0,"2":0,"3":0},"b":{}},"/home/runner/work/GigCentral/GigCentral/mobile/app/(tabs)/settings.tsx":{"path":"/home/runner/work/GigCentral/GigCentral/mobile/app/(tabs)/settings.tsx","statementMap":{"0":{"start":{"line":19,"column":27},"end":{"line":19,"column":36}},"1":{"start":{"line":20,"column":17},"end":{"line":20,"column":28}},"2":{"start":{"line":21,"column":45},"end":{"line":21,"column":55}},"3":{"start":{"line":22,"column":48},"end":{"line":22,"column":63}},"4":{"start":{"line":24,"column":32},"end":{"line":27,"column":4}},"5":{"start":{"line":26,"column":19},"end":{"line":26,"column":54}},"6":{"start":{"line":29,"column":28},"end":{"line":31,"column":4}},"7":{"start":{"line":30,"column":31},"end":{"line":30,"column":73}},"8":{"start":{"line":33,"column":23},"end":{"line":49,"column":3}},"9":{"start":{"line":34,"column":4},"end":{"line":48,"column":6}},"10":{"start":{"line":43,"column":12},"end":{"line":43,"column":27}},"11":{"start":{"line":44,"column":12},"end":{"line":44,"column":37}},"12":{"start":{"line":51,"column":28},"end":{"line":54,"column":3}},"13":{"start":{"line":52,"column":4},"end":{"line":52,"column":23}},"14":{"start":{"line":53,"column":4},"end":{"line":53,"column":30}},"15":{"start":{"line":56,"column":30},"end":{"line":67,"column":3}},"16":{"start":{"line":57,"column":4},"end":{"line":66,"column":5}},"17":{"start":{"line":59,"column":8},"end":{"line":59,"column":23}},"18":{"start":{"line":61,"column":8},"end":{"line":61,"column":22}},"19":{"start":{"line":63,"column":8},"end":{"line":63,"column":24}},"20":{"start":{"line":65,"column":8},"end":{"line":65,"column":23}},"21":{"start":{"line":69,"column":17},"end":{"line":69,"column":36}},"22":{"start":{"line":71,"column":2},"end":{"line":209,"column":4}},"23":{"start":{"line":86,"column":25},"end":{"line":86,"column":49}},"24":{"start":{"line":100,"column":14},"end":{"line":100,"column":63}},"25":{"start":{"line":116,"column":14},"end":{"line":116,"column":61}},"26":{"start":{"line":135,"column":30},"end":{"line":135,"column":55}},"27":{"start":{"line":140,"column":25},"end":{"line":140,"column":50}},"28":{"start":{"line":150,"column":29},"end":{"line":150,"column":56}},"29":{"start":{"line":168,"column":29},"end":{"line":168,"column":55}},"30":{"start":{"line":186,"column":29},"end":{"line":186,"column":54}},"31":{"start":{"line":201,"column":29},"end":{"line":201,"column":54}},"32":{"start":{"line":212,"column":21},"end":{"line":344,"column":2}},"33":{"start":{"line":212,"column":37},"end":{"line":344,"column":2}}},"fnMap":{"0":{"name":"SettingsScreen","decl":{"start":{"line":18,"column":24},"end":{"line":18,"column":38}},"loc":{"start":{"line":18,"column":41},"end":{"line":210,"column":1}},"line":18},"1":{"name":"(anonymous_1)","decl":{"start":{"line":26,"column":13},"end":{"line":26,"column":14}},"loc":{"start":{"line":26,"column":19},"end":{"line":26,"column":54}},"line":26},"2":{"name":"(anonymous_2)","decl":{"start":{"line":30,"column":16},"end":{"line":30,"column":17}},"loc":{"start":{"line":30,"column":31},"end":{"line":30,"column":73}},"line":30},"3":{"name":"(anonymous_3)","decl":{"start":{"line":33,"column":23},"end":{"line":33,"column":24}},"loc":{"start":{"line":33,"column":29},"end":{"line":49,"column":3}},"line":33},"4":{"name":"(anonymous_4)","decl":{"start":{"line":42,"column":19},"end":{"line":42,"column":20}},"loc":{"start":{"line":42,"column":31},"end":{"line":45,"column":11}},"line":42},"5":{"name":"(anonymous_5)","decl":{"start":{"line":51,"column":28},"end":{"line":51,"column":29}},"loc":{"start":{"line":51,"column":67},"end":{"line":54,"column":3}},"line":51},"6":{"name":"(anonymous_6)","decl":{"start":{"line":56,"column":30},"end":{"line":56,"column":31}},"loc":{"start":{"line":56,"column":36},"end":{"line":67,"column":3}},"line":56},"7":{"name":"(anonymous_7)","decl":{"start":{"line":86,"column":19},"end":{"line":86,"column":20}},"loc":{"start":{"line":86,"column":25},"end":{"line":86,"column":49}},"line":86},"8":{"name":"(anonymous_8)","decl":{"start":{"line":99,"column":27},"end":{"line":99,"column":28}},"loc":{"start":{"line":100,"column":14},"end":{"line":100,"column":63}},"line":100},"9":{"name":"(anonymous_9)","decl":{"start":{"line":115,"column":27},"end":{"line":115,"column":28}},"loc":{"start":{"line":116,"column":14},"end":{"line":116,"column":61}},"line":116},"10":{"name":"(anonymous_10)","decl":{"start":{"line":135,"column":24},"end":{"line":135,"column":25}},"loc":{"start":{"line":135,"column":30},"end":{"line":135,"column":55}},"line":135},"11":{"name":"(anonymous_11)","decl":{"start":{"line":140,"column":19},"end":{"line":140,"column":20}},"loc":{"start":{"line":140,"column":25},"end":{"line":140,"column":50}},"line":140},"12":{"name":"(anonymous_12)","decl":{"start":{"line":150,"column":23},"end":{"line":150,"column":24}},"loc":{"start":{"line":150,"column":29},"end":{"line":150,"column":56}},"line":150},"13":{"name":"(anonymous_13)","decl":{"start":{"line":168,"column":23},"end":{"line":168,"column":24}},"loc":{"start":{"line":168,"column":29},"end":{"line":168,"column":55}},"line":168},"14":{"name":"(anonymous_14)","decl":{"start":{"line":186,"column":23},"end":{"line":186,"column":24}},"loc":{"start":{"line":186,"column":29},"end":{"line":186,"column":54}},"line":186},"15":{"name":"(anonymous_15)","decl":{"start":{"line":201,"column":23},"end":{"line":201,"column":24}},"loc":{"start":{"line":201,"column":29},"end":{"line":201,"column":54}},"line":201},"16":{"name":"(anonymous_16)","decl":{"start":{"line":212,"column":21},"end":{"line":212,"column":22}},"loc":{"start":{"line":212,"column":37},"end":{"line":344,"column":2}},"line":212}},"branchMap":{"0":{"loc":{"start":{"line":57,"column":4},"end":{"line":66,"column":5}},"type":"switch","locations":[{"start":{"line":58,"column":6},"end":{"line":59,"column":23}},{"start":{"line":60,"column":6},"end":{"line":61,"column":22}},{"start":{"line":62,"column":6},"end":{"line":63,"column":24}},{"start":{"line":64,"column":6},"end":{"line":65,"column":23}}],"line":57},"1":{"loc":{"start":{"line":76,"column":44},"end":{"line":76,"column":71}},"type":"binary-expr","locations":[{"start":{"line":76,"column":44},"end":{"line":76,"column":61}},{"start":{"line":76,"column":65},"end":{"line":76,"column":71}}],"line":76},"2":{"loc":{"start":{"line":98,"column":19},"end":{"line":98,"column":53}},"type":"binary-expr","locations":[{"start":{"line":98,"column":19},"end":{"line":98,"column":44}},{"start":{"line":98,"column":48},"end":{"line":98,"column":53}}],"line":98},"3":{"loc":{"start":{"line":114,"column":19},"end":{"line":114,"column":51}},"type":"binary-expr","locations":[{"start":{"line":114,"column":19},"end":{"line":114,"column":42}},{"start":{"line":114,"column":46},"end":{"line":114,"column":51}}],"line":114},"4":{"loc":{"start":{"line":148,"column":16},"end":{"line":148,"column":68}},"type":"binary-expr","locations":[{"start":{"line":148,"column":16},"end":{"line":148,"column":38}},{"start":{"line":148,"column":42},"end":{"line":148,"column":68}}],"line":148},"5":{"loc":{"start":{"line":154,"column":16},"end":{"line":154,"column":72}},"type":"binary-expr","locations":[{"start":{"line":154,"column":16},"end":{"line":154,"column":38}},{"start":{"line":154,"column":42},"end":{"line":154,"column":72}}],"line":154},"6":{"loc":{"start":{"line":158,"column":15},"end":{"line":160,"column":15}},"type":"binary-expr","locations":[{"start":{"line":158,"column":15},"end":{"line":158,"column":37}},{"start":{"line":159,"column":16},"end":{"line":159,"column":55}}],"line":158},"7":{"loc":{"start":{"line":166,"column":16},"end":{"line":166,"column":67}},"type":"binary-expr","locations":[{"start":{"line":166,"column":16},"end":{"line":166,"column":37}},{"start":{"line":166,"column":41},"end":{"line":166,"column":67}}],"line":166},"8":{"loc":{"start":{"line":172,"column":16},"end":{"line":172,"column":71}},"type":"binary-expr","locations":[{"start":{"line":172,"column":16},"end":{"line":172,"column":37}},{"start":{"line":172,"column":41},"end":{"line":172,"column":71}}],"line":172},"9":{"loc":{"start":{"line":176,"column":15},"end":{"line":178,"column":15}},"type":"binary-expr","locations":[{"start":{"line":176,"column":15},"end":{"line":176,"column":36}},{"start":{"line":177,"column":16},"end":{"line":177,"column":55}}],"line":176},"10":{"loc":{"start":{"line":184,"column":16},"end":{"line":184,"column":66}},"type":"binary-expr","locations":[{"start":{"line":184,"column":16},"end":{"line":184,"column":36}},{"start":{"line":184,"column":40},"end":{"line":184,"column":66}}],"line":184},"11":{"loc":{"start":{"line":190,"column":16},"end":{"line":190,"column":70}},"type":"binary-expr","locations":[{"start":{"line":190,"column":16},"end":{"line":190,"column":36}},{"start":{"line":190,"column":40},"end":{"line":190,"column":70}}],"line":190},"12":{"loc":{"start":{"line":194,"column":15},"end":{"line":196,"column":15}},"type":"binary-expr","locations":[{"start":{"line":194,"column":15},"end":{"line":194,"column":35}},{"start":{"line":195,"column":16},"end":{"line":195,"column":55}}],"line":194}},"s":{"0":0,"1":0,"2":0,"3":0,"4":0,"5":0,"6":0,"7":0,"8":0,"9":0,"10":0,"11":0,"12":0,"13":0,"14":0,"15":0,"16":0,"17":0,"18":0,"19":0,"20":0,"21":0,"22":0,"23":0,"24":0,"25":0,"26":0,"27":0,"28":0,"29":0,"30":0,"31":0,"32":0,"33":0},"f":{"0":0,"1":0,"2":0,"3":0,"4":0,"5":0,"6":0,"7":0,"8":0,"9":0,"10":0,"11":0,"12":0,"13":0,"14":0,"15":0,"16":0},"b":{"0":[0,0,0,0],"1":[0,0],"2":[0,0],"3":[0,0],"4":[0,0],"5":[0,0],"6":[0,0],"7":[0,0],"8":[0,0],"9":[0,0],"10":[0,0],"11":[0,0],"12":[0,0]}},"/home/runner/work/GigCentral/GigCentral/mobile/app/index.tsx":{"path":"/home/runner/work/GigCentral/GigCentral/mobile/app/index.tsx","statementMap":{"0":{"start":{"line":7,"column":30},"end":{"line":7,"column":39}},"1":{"start":{"line":8,"column":17},"end":{"line":8,"column":28}},"2":{"start":{"line":9,"column":19},"end":{"line":9,"column":32}},"3":{"start":{"line":11,"column":2},"end":{"line":21,"column":34}},"4":{"start":{"line":12,"column":4},"end":{"line":12,"column":26}},"5":{"start":{"line":12,"column":19},"end":{"line":12,"column":26}},"6":{"start":{"line":14,"column":24},"end":{"line":14,"column":48}},"7":{"start":{"line":16,"column":4},"end":{"line":20,"column":5}},"8":{"start":{"line":17,"column":6},"end":{"line":17,"column":31}},"9":{"start":{"line":18,"column":11},"end":{"line":20,"column":5}},"10":{"start":{"line":19,"column":6},"end":{"line":19,"column":40}},"11":{"start":{"line":23,"column":2},"end":{"line":30,"column":3}},"12":{"start":{"line":24,"column":4},"end":{"line":29,"column":6}},"13":{"start":{"line":32,"column":2},"end":{"line":36,"column":4}}},"fnMap":{"0":{"name":"Index","decl":{"start":{"line":6,"column":24},"end":{"line":6,"column":29}},"loc":{"start":{"line":6,"column":32},"end":{"line":37,"column":1}},"line":6},"1":{"name":"(anonymous_1)","decl":{"start":{"line":11,"column":12},"end":{"line":11,"column":13}},"loc":{"start":{"line":11,"column":18},"end":{"line":21,"column":3}},"line":11}},"branchMap":{"0":{"loc":{"start":{"line":12,"column":4},"end":{"line":12,"column":26}},"type":"if","locations":[{"start":{"line":12,"column":4},"end":{"line":12,"column":26}},{"start":{},"end":{}}],"line":12},"1":{"loc":{"start":{"line":16,"column":4},"end":{"line":20,"column":5}},"type":"if","locations":[{"start":{"line":16,"column":4},"end":{"line":20,"column":5}},{"start":{"line":18,"column":11},"end":{"line":20,"column":5}}],"line":16},"2":{"loc":{"start":{"line":16,"column":8},"end":{"line":16,"column":29}},"type":"binary-expr","locations":[{"start":{"line":16,"column":8},"end":{"line":16,"column":13}},{"start":{"line":16,"column":17},"end":{"line":16,"column":29}}],"line":16},"3":{"loc":{"start":{"line":18,"column":11},"end":{"line":20,"column":5}},"type":"if","locations":[{"start":{"line":18,"column":11},"end":{"line":20,"column":5}},{"start":{},"end":{}}],"line":18},"4":{"loc":{"start":{"line":18,"column":15},"end":{"line":18,"column":34}},"type":"binary-expr","locations":[{"start":{"line":18,"column":15},"end":{"line":18,"column":19}},{"start":{"line":18,"column":23},"end":{"line":18,"column":34}}],"line":18},"5":{"loc":{"start":{"line":23,"column":2},"end":{"line":30,"column":3}},"type":"if","locations":[{"start":{"line":23,"column":2},"end":{"line":30,"column":3}},{"start":{},"end":{}}],"line":23}},"s":{"0":0,"1":0,"2":0,"3":0,"4":0,"5":0,"6":0,"7":0,"8":0,"9":0,"10":0,"11":0,"12":0,"13":0},"f":{"0":0,"1":0},"b":{"0":[0,0],"1":[0,0],"2":[0,0],"3":[0,0],"4":[0,0],"5":[0,0]}},"/home/runner/work/GigCentral/GigCentral/mobile/app/signup.tsx":{"path":"/home/runner/work/GigCentral/GigCentral/mobile/app/signup.tsx","statementMap":{"0":{"start":{"line":17,"column":28},"end":{"line":17,"column":40}},"1":{"start":{"line":18,"column":34},"end":{"line":18,"column":46}},"2":{"start":{"line":19,"column":40},"end":{"line":19,"column":52}},"3":{"start":{"line":20,"column":36},"end":{"line":20,"column":51}},"4":{"start":{"line":21,"column":21},"end":{"line":21,"column":30}},"5":{"start":{"line":22,"column":20},"end":{"line":22,"column":30}},"6":{"start":{"line":23,"column":17},"end":{"line":23,"column":28}},"7":{"start":{"line":25,"column":17},"end":{"line":25,"column":36}},"8":{"start":{"line":27,"column":23},"end":{"line":52,"column":3}},"9":{"start":{"line":28,"column":4},"end":{"line":31,"column":5}},"10":{"start":{"line":29,"column":6},"end":{"line":29,"column":65}},"11":{"start":{"line":30,"column":6},"end":{"line":30,"column":13}},"12":{"start":{"line":33,"column":4},"end":{"line":36,"column":5}},"13":{"start":{"line":34,"column":6},"end":{"line":34,"column":69}},"14":{"start":{"line":35,"column":6},"end":{"line":35,"column":13}},"15":{"start":{"line":38,"column":4},"end":{"line":38,"column":23}},"16":{"start":{"line":39,"column":4},"end":{"line":51,"column":5}},"17":{"start":{"line":40,"column":6},"end":{"line":40,"column":52}},"18":{"start":{"line":41,"column":6},"end":{"line":41,"column":49}},"19":{"start":{"line":42,"column":6},"end":{"line":42,"column":40}},"20":{"start":{"line":44,"column":6},"end":{"line":44,"column":44}},"21":{"start":{"line":45,"column":6},"end":{"line":45,"column":61}},"22":{"start":{"line":46,"column":6},"end":{"line":46,"column":53}},"23":{"start":{"line":47,"column":23},"end":{"line":47,"column":97}},"24":{"start":{"line":48,"column":6},"end":{"line":48,"column":45}},"25":{"start":{"line":50,"column":6},"end":{"line":50,"column":26}},"26":{"start":{"line":54,"column":2},"end":{"line":108,"column":4}},"27":{"start":{"line":103,"column":41},"end":{"line":103,"column":54}},"28":{"start":{"line":111,"column":21},"end":{"line":165,"column":2}},"29":{"start":{"line":111,"column":37},"end":{"line":165,"column":2}}},"fnMap":{"0":{"name":"SignupScreen","decl":{"start":{"line":16,"column":24},"end":{"line":16,"column":36}},"loc":{"start":{"line":16,"column":39},"end":{"line":109,"column":1}},"line":16},"1":{"name":"(anonymous_1)","decl":{"start":{"line":27,"column":23},"end":{"line":27,"column":24}},"loc":{"start":{"line":27,"column":35},"end":{"line":52,"column":3}},"line":27},"2":{"name":"(anonymous_2)","decl":{"start":{"line":103,"column":35},"end":{"line":103,"column":36}},"loc":{"start":{"line":103,"column":41},"end":{"line":103,"column":54}},"line":103},"3":{"name":"(anonymous_3)","decl":{"start":{"line":111,"column":21},"end":{"line":111,"column":22}},"loc":{"start":{"line":111,"column":37},"end":{"line":165,"column":2}},"line":111}},"branchMap":{"0":{"loc":{"start":{"line":28,"column":4},"end":{"line":31,"column":5}},"type":"if","locations":[{"start":{"line":28,"column":4},"end":{"line":31,"column":5}},{"start":{},"end":{}}],"line":28},"1":{"loc":{"start":{"line":28,"column":8},"end":{"line":28,"column":27}},"type":"binary-expr","locations":[{"start":{"line":28,"column":8},"end":{"line":28,"column":14}},{"start":{"line":28,"column":18},"end":{"line":28,"column":27}}],"line":28},"2":{"loc":{"start":{"line":33,"column":4},"end":{"line":36,"column":5}},"type":"if","locations":[{"start":{"line":33,"column":4},"end":{"line":36,"column":5}},{"start":{},"end":{}}],"line":33},"3":{"loc":{"start":{"line":47,"column":23},"end":{"line":47,"column":97}},"type":"binary-expr","locations":[{"start":{"line":47,"column":23},"end":{"line":47,"column":50}},{"start":{"line":47,"column":54},"end":{"line":47,"column":67}},{"start":{"line":47,"column":71},"end":{"line":47,"column":97}}],"line":47},"4":{"loc":{"start":{"line":56,"column":16},"end":{"line":56,"column":60}},"type":"cond-expr","locations":[{"start":{"line":56,"column":40},"end":{"line":56,"column":49}},{"start":{"line":56,"column":52},"end":{"line":56,"column":60}}],"line":56},"5":{"loc":{"start":{"line":94,"column":33},"end":{"line":94,"column":67}},"type":"binary-expr","locations":[{"start":{"line":94,"column":33},"end":{"line":94,"column":42}},{"start":{"line":94,"column":46},"end":{"line":94,"column":67}}],"line":94},"6":{"loc":{"start":{"line":99,"column":13},"end":{"line":99,"column":58}},"type":"cond-expr","locations":[{"start":{"line":99,"column":25},"end":{"line":99,"column":46}},{"start":{"line":99,"column":49},"end":{"line":99,"column":58}}],"line":99}},"s":{"0":0,"1":0,"2":0,"3":0,"4":0,"5":0,"6":0,"7":0,"8":0,"9":0,"10":0,"11":0,"12":0,"13":0,"14":0,"15":0,"16":0,"17":0,"18":0,"19":0,"20":0,"21":0,"22":0,"23":0,"24":0,"25":0,"26":0,"27":0,"28":0,"29":0},"f":{"0":0,"1":0,"2":0,"3":0},"b":{"0":[0,0],"1":[0,0],"2":[0,0],"3":[0,0,0],"4":[0,0],"5":[0,0],"6":[0,0]}},"/home/runner/work/GigCentral/GigCentral/mobile/app/login.tsx":{"path":"/home/runner/work/GigCentral/GigCentral/mobile/app/login.tsx","statementMap":{"0":{"start":{"line":17,"column":28},"end":{"line":17,"column":40}},"1":{"start":{"line":18,"column":34},"end":{"line":18,"column":46}},"2":{"start":{"line":19,"column":36},"end":{"line":19,"column":51}},"3":{"start":{"line":20,"column":20},"end":{"line":20,"column":29}},"4":{"start":{"line":21,"column":20},"end":{"line":21,"column":30}},"5":{"start":{"line":22,"column":17},"end":{"line":22,"column":28}},"6":{"start":{"line":24,"column":17},"end":{"line":24,"column":36}},"7":{"start":{"line":26,"column":22},"end":{"line":41,"column":3}},"8":{"start":{"line":27,"column":4},"end":{"line":30,"column":5}},"9":{"start":{"line":28,"column":6},"end":{"line":28,"column":56}},"10":{"start":{"line":29,"column":6},"end":{"line":29,"column":13}},"11":{"start":{"line":32,"column":4},"end":{"line":32,"column":23}},"12":{"start":{"line":33,"column":4},"end":{"line":40,"column":5}},"13":{"start":{"line":34,"column":6},"end":{"line":34,"column":35}},"14":{"start":{"line":35,"column":6},"end":{"line":35,"column":40}},"15":{"start":{"line":37,"column":6},"end":{"line":37,"column":88}},"16":{"start":{"line":39,"column":6},"end":{"line":39,"column":26}},"17":{"start":{"line":43,"column":2},"end":{"line":88,"column":4}},"18":{"start":{"line":83,"column":41},"end":{"line":83,"column":63}},"19":{"start":{"line":91,"column":21},"end":{"line":145,"column":2}},"20":{"start":{"line":91,"column":37},"end":{"line":145,"column":2}}},"fnMap":{"0":{"name":"LoginScreen","decl":{"start":{"line":16,"column":24},"end":{"line":16,"column":35}},"loc":{"start":{"line":16,"column":38},"end":{"line":89,"column":1}},"line":16},"1":{"name":"(anonymous_1)","decl":{"start":{"line":26,"column":22},"end":{"line":26,"column":23}},"loc":{"start":{"line":26,"column":34},"end":{"line":41,"column":3}},"line":26},"2":{"name":"(anonymous_2)","decl":{"start":{"line":83,"column":35},"end":{"line":83,"column":36}},"loc":{"start":{"line":83,"column":41},"end":{"line":83,"column":63}},"line":83},"3":{"name":"(anonymous_3)","decl":{"start":{"line":91,"column":21},"end":{"line":91,"column":22}},"loc":{"start":{"line":91,"column":37},"end":{"line":145,"column":2}},"line":91}},"branchMap":{"0":{"loc":{"start":{"line":27,"column":4},"end":{"line":30,"column":5}},"type":"if","locations":[{"start":{"line":27,"column":4},"end":{"line":30,"column":5}},{"start":{},"end":{}}],"line":27},"1":{"loc":{"start":{"line":27,"column":8},"end":{"line":27,"column":27}},"type":"binary-expr","locations":[{"start":{"line":27,"column":8},"end":{"line":27,"column":14}},{"start":{"line":27,"column":18},"end":{"line":27,"column":27}}],"line":27},"2":{"loc":{"start":{"line":37,"column":34},"end":{"line":37,"column":86}},"type":"binary-expr","locations":[{"start":{"line":37,"column":34},"end":{"line":37,"column":61}},{"start":{"line":37,"column":65},"end":{"line":37,"column":86}}],"line":37},"3":{"loc":{"start":{"line":45,"column":16},"end":{"line":45,"column":60}},"type":"cond-expr","locations":[{"start":{"line":45,"column":40},"end":{"line":45,"column":49}},{"start":{"line":45,"column":52},"end":{"line":45,"column":60}}],"line":45},"4":{"loc":{"start":{"line":74,"column":33},"end":{"line":74,"column":67}},"type":"binary-expr","locations":[{"start":{"line":74,"column":33},"end":{"line":74,"column":42}},{"start":{"line":74,"column":46},"end":{"line":74,"column":67}}],"line":74},"5":{"loc":{"start":{"line":79,"column":13},"end":{"line":79,"column":52}},"type":"cond-expr","locations":[{"start":{"line":79,"column":25},"end":{"line":79,"column":40}},{"start":{"line":79,"column":43},"end":{"line":79,"column":52}}],"line":79}},"s":{"0":0,"1":0,"2":0,"3":0,"4":0,"5":0,"6":0,"7":0,"8":0,"9":0,"10":0,"11":0,"12":0,"13":0,"14":0,"15":0,"16":0,"17":0,"18":0,"19":0,"20":0},"f":{"0":0,"1":0,"2":0,"3":0},"b":{"0":[0,0],"1":[0,0],"2":[0,0],"3":[0,0],"4":[0,0],"5":[0,0]}},"/home/runner/work/GigCentral/GigCentral/mobile/app/sheet/[id].tsx":{"path":"/home/runner/work/GigCentral/GigCentral/mobile/app/sheet/[id].tsx","statementMap":{"0":{"start":{"line":18,"column":17},"end":{"line":18,"column":55}},"1":{"start":{"line":19,"column":17},"end":{"line":19,"column":28}},"2":{"start":{"line":20,"column":22},"end":{"line":20,"column":38}},"3":{"start":{"line":21,"column":20},"end":{"line":21,"column":30}},"4":{"start":{"line":22,"column":48},"end":{"line":22,"column":63}},"5":{"start":{"line":23,"column":34},"end":{"line":23,"column":46}},"6":{"start":{"line":25,"column":17},"end":{"line":25,"column":36}},"7":{"start":{"line":27,"column":37},"end":{"line":31,"column":4}},"8":{"start":{"line":29,"column":19},"end":{"line":29,"column":45}},"9":{"start":{"line":33,"column":28},"end":{"line":44,"column":4}},"10":{"start":{"line":35,"column":6},"end":{"line":35,"column":63}},"11":{"start":{"line":37,"column":6},"end":{"line":37,"column":56}},"12":{"start":{"line":38,"column":6},"end":{"line":38,"column":65}},"13":{"start":{"line":41,"column":6},"end":{"line":41,"column":47}},"14":{"start":{"line":42,"column":6},"end":{"line":42,"column":67}},"15":{"start":{"line":46,"column":25},"end":{"line":52,"column":4}},"16":{"start":{"line":47,"column":22},"end":{"line":47,"column":51}},"17":{"start":{"line":49,"column":6},"end":{"line":49,"column":20}},"18":{"start":{"line":50,"column":6},"end":{"line":50,"column":62}},"19":{"start":{"line":54,"column":26},"end":{"line":56,"column":3}},"20":{"start":{"line":55,"column":4},"end":{"line":55,"column":65}},"21":{"start":{"line":58,"column":23},"end":{"line":71,"column":3}},"22":{"start":{"line":59,"column":4},"end":{"line":70,"column":6}},"23":{"start":{"line":67,"column":25},"end":{"line":67,"column":48}},"24":{"start":{"line":73,"column":2},"end":{"line":79,"column":3}},"25":{"start":{"line":74,"column":4},"end":{"line":78,"column":6}},"26":{"start":{"line":81,"column":2},"end":{"line":138,"column":4}},"27":{"start":{"line":97,"column":45},"end":{"line":97,"column":77}},"28":{"start":{"line":100,"column":45},"end":{"line":100,"column":63}},"29":{"start":{"line":103,"column":45},"end":{"line":103,"column":64}},"30":{"start":{"line":125,"column":25},"end":{"line":125,"column":61}},"31":{"start":{"line":143,"column":2},"end":{"line":150,"column":12}},"32":{"start":{"line":153,"column":21},"end":{"line":231,"column":2}},"33":{"start":{"line":153,"column":37},"end":{"line":231,"column":2}}},"fnMap":{"0":{"name":"SheetScreen","decl":{"start":{"line":17,"column":24},"end":{"line":17,"column":35}},"loc":{"start":{"line":17,"column":38},"end":{"line":139,"column":1}},"line":17},"1":{"name":"(anonymous_1)","decl":{"start":{"line":29,"column":13},"end":{"line":29,"column":14}},"loc":{"start":{"line":29,"column":19},"end":{"line":29,"column":45}},"line":29},"2":{"name":"(anonymous_2)","decl":{"start":{"line":34,"column":16},"end":{"line":34,"column":17}},"loc":{"start":{"line":35,"column":6},"end":{"line":35,"column":63}},"line":35},"3":{"name":"(anonymous_3)","decl":{"start":{"line":36,"column":15},"end":{"line":36,"column":16}},"loc":{"start":{"line":36,"column":25},"end":{"line":39,"column":5}},"line":36},"4":{"name":"(anonymous_4)","decl":{"start":{"line":40,"column":13},"end":{"line":40,"column":14}},"loc":{"start":{"line":40,"column":24},"end":{"line":43,"column":5}},"line":40},"5":{"name":"(anonymous_5)","decl":{"start":{"line":47,"column":16},"end":{"line":47,"column":17}},"loc":{"start":{"line":47,"column":22},"end":{"line":47,"column":51}},"line":47},"6":{"name":"(anonymous_6)","decl":{"start":{"line":48,"column":15},"end":{"line":48,"column":16}},"loc":{"start":{"line":48,"column":21},"end":{"line":51,"column":5}},"line":48},"7":{"name":"(anonymous_7)","decl":{"start":{"line":54,"column":26},"end":{"line":54,"column":27}},"loc":{"start":{"line":54,"column":49},"end":{"line":56,"column":3}},"line":54},"8":{"name":"(anonymous_8)","decl":{"start":{"line":58,"column":23},"end":{"line":58,"column":24}},"loc":{"start":{"line":58,"column":29},"end":{"line":71,"column":3}},"line":58},"9":{"name":"(anonymous_9)","decl":{"start":{"line":67,"column":19},"end":{"line":67,"column":20}},"loc":{"start":{"line":67,"column":25},"end":{"line":67,"column":48}},"line":67},"10":{"name":"(anonymous_10)","decl":{"start":{"line":97,"column":39},"end":{"line":97,"column":40}},"loc":{"start":{"line":97,"column":45},"end":{"line":97,"column":77}},"line":97},"11":{"name":"(anonymous_11)","decl":{"start":{"line":100,"column":39},"end":{"line":100,"column":40}},"loc":{"start":{"line":100,"column":45},"end":{"line":100,"column":63}},"line":100},"12":{"name":"(anonymous_12)","decl":{"start":{"line":103,"column":39},"end":{"line":103,"column":40}},"loc":{"start":{"line":103,"column":45},"end":{"line":103,"column":64}},"line":103},"13":{"name":"(anonymous_13)","decl":{"start":{"line":125,"column":19},"end":{"line":125,"column":20}},"loc":{"start":{"line":125,"column":25},"end":{"line":125,"column":61}},"line":125},"14":{"name":"renderChordPro","decl":{"start":{"line":141,"column":9},"end":{"line":141,"column":23}},"loc":{"start":{"line":141,"column":46},"end":{"line":151,"column":1}},"line":141},"15":{"name":"(anonymous_15)","decl":{"start":{"line":153,"column":21},"end":{"line":153,"column":22}},"loc":{"start":{"line":153,"column":37},"end":{"line":231,"column":2}},"line":153}},"branchMap":{"0":{"loc":{"start":{"line":73,"column":2},"end":{"line":79,"column":3}},"type":"if","locations":[{"start":{"line":73,"column":2},"end":{"line":79,"column":3}},{"start":{},"end":{}}],"line":73},"1":{"loc":{"start":{"line":73,"column":6},"end":{"line":73,"column":25}},"type":"binary-expr","locations":[{"start":{"line":73,"column":6},"end":{"line":73,"column":15}},{"start":{"line":73,"column":19},"end":{"line":73,"column":25}}],"line":73},"2":{"loc":{"start":{"line":83,"column":7},"end":{"line":83,"column":39}},"type":"binary-expr","locations":[{"start":{"line":83,"column":7},"end":{"line":83,"column":22}},{"start":{"line":83,"column":26},"end":{"line":83,"column":39}}],"line":83},"3":{"loc":{"start":{"line":85,"column":7},"end":{"line":111,"column":7}},"type":"binary-expr","locations":[{"start":{"line":85,"column":7},"end":{"line":85,"column":23}},{"start":{"line":86,"column":8},"end":{"line":110,"column":15}}],"line":85},"4":{"loc":{"start":{"line":89,"column":13},"end":{"line":89,"column":78}},"type":"binary-expr","locations":[{"start":{"line":89,"column":13},"end":{"line":89,"column":25}},{"start":{"line":89,"column":29},"end":{"line":89,"column":78}}],"line":89},"5":{"loc":{"start":{"line":91,"column":15},"end":{"line":91,"column":81}},"type":"binary-expr","locations":[{"start":{"line":91,"column":15},"end":{"line":91,"column":24}},{"start":{"line":91,"column":28},"end":{"line":91,"column":81}}],"line":91},"6":{"loc":{"start":{"line":92,"column":15},"end":{"line":92,"column":84}},"type":"binary-expr","locations":[{"start":{"line":92,"column":15},"end":{"line":92,"column":25}},{"start":{"line":92,"column":29},"end":{"line":92,"column":84}}],"line":92},"7":{"loc":{"start":{"line":115,"column":31},"end":{"line":115,"column":75}},"type":"binary-expr","locations":[{"start":{"line":115,"column":31},"end":{"line":115,"column":46}},{"start":{"line":115,"column":50},"end":{"line":115,"column":75}}],"line":115},"8":{"loc":{"start":{"line":117,"column":47},"end":{"line":117,"column":90}},"type":"cond-expr","locations":[{"start":{"line":117,"column":65},"end":{"line":117,"column":79}},{"start":{"line":117,"column":82},"end":{"line":117,"column":90}}],"line":117},"9":{"loc":{"start":{"line":128,"column":18},"end":{"line":128,"column":59}},"type":"cond-expr","locations":[{"start":{"line":128,"column":36},"end":{"line":128,"column":50}},{"start":{"line":128,"column":53},"end":{"line":128,"column":59}}],"line":128},"10":{"loc":{"start":{"line":133,"column":13},"end":{"line":133,"column":70}},"type":"cond-expr","locations":[{"start":{"line":133,"column":31},"end":{"line":133,"column":49}},{"start":{"line":133,"column":52},"end":{"line":133,"column":70}}],"line":133}},"s":{"0":0,"1":0,"2":0,"3":0,"4":0,"5":0,"6":0,"7":0,"8":0,"9":0,"10":0,"11":0,"12":0,"13":0,"14":0,"15":0,"16":0,"17":0,"18":0,"19":0,"20":0,"21":0,"22":0,"23":0,"24":0,"25":0,"26":0,"27":0,"28":0,"29":0,"30":0,"31":0,"32":0,"33":0},"f":{"0":0,"1":0,"2":0,"3":0,"4":0,"5":0,"6":0,"7":0,"8":0,"9":0,"10":0,"11":0,"12":0,"13":0,"14":0,"15":0},"b":{"0":[0,0],"1":[0,0],"2":[0,0],"3":[0,0],"4":[0,0],"5":[0,0],"6":[0,0],"7":[0,0],"8":[0,0],"9":[0,0],"10":[0,0]}},"/home/runner/work/GigCentral/GigCentral/mobile/app/sheet/[id]/edit.tsx":{"path":"/home/runner/work/GigCentral/GigCentral/mobile/app/sheet/[id]/edit.tsx","statementMap":{"0":{"start":{"line":20,"column":17},"end":{"line":20,"column":55}},"1":{"start":{"line":21,"column":17},"end":{"line":21,"column":28}},"2":{"start":{"line":22,"column":22},"end":{"line":22,"column":38}},"3":{"start":{"line":23,"column":20},"end":{"line":23,"column":30}},"4":{"start":{"line":25,"column":28},"end":{"line":25,"column":40}},"5":{"start":{"line":26,"column":30},"end":{"line":26,"column":42}},"6":{"start":{"line":27,"column":24},"end":{"line":27,"column":36}},"7":{"start":{"line":28,"column":26},"end":{"line":28,"column":38}},"8":{"start":{"line":29,"column":36},"end":{"line":29,"column":51}},"9":{"start":{"line":31,"column":17},"end":{"line":31,"column":36}},"10":{"start":{"line":33,"column":53},"end":{"line":37,"column":4}},"11":{"start":{"line":35,"column":19},"end":{"line":35,"column":45}},"12":{"start":{"line":39,"column":2},"end":{"line":51,"column":14}},"13":{"start":{"line":40,"column":4},"end":{"line":50,"column":5}},"14":{"start":{"line":41,"column":6},"end":{"line":41,"column":28}},"15":{"start":{"line":42,"column":6},"end":{"line":42,"column":36}},"16":{"start":{"line":43,"column":6},"end":{"line":43,"column":30}},"17":{"start":{"line":45,"column":24},"end":{"line":48,"column":44}},"18":{"start":{"line":49,"column":6},"end":{"line":49,"column":25}},"19":{"start":{"line":53,"column":25},"end":{"line":60,"column":4}},"20":{"start":{"line":54,"column":31},"end":{"line":54,"column":66}},"21":{"start":{"line":56,"column":6},"end":{"line":56,"column":65}},"22":{"start":{"line":57,"column":6},"end":{"line":57,"column":62}},"23":{"start":{"line":58,"column":6},"end":{"line":58,"column":20}},"24":{"start":{"line":62,"column":21},"end":{"line":89,"column":3}},"25":{"start":{"line":63,"column":4},"end":{"line":66,"column":5}},"26":{"start":{"line":64,"column":6},"end":{"line":64,"column":56}},"27":{"start":{"line":65,"column":6},"end":{"line":65,"column":13}},"28":{"start":{"line":68,"column":4},"end":{"line":71,"column":5}},"29":{"start":{"line":69,"column":6},"end":{"line":69,"column":67}},"30":{"start":{"line":70,"column":6},"end":{"line":70,"column":13}},"31":{"start":{"line":73,"column":4},"end":{"line":73,"column":23}},"32":{"start":{"line":74,"column":4},"end":{"line":88,"column":5}},"33":{"start":{"line":76,"column":27},"end":{"line":76,"column":133}},"34":{"start":{"line":78,"column":6},"end":{"line":83,"column":9}},"35":{"start":{"line":85,"column":6},"end":{"line":85,"column":92}},"36":{"start":{"line":87,"column":6},"end":{"line":87,"column":26}},"37":{"start":{"line":91,"column":2},"end":{"line":97,"column":3}},"38":{"start":{"line":92,"column":4},"end":{"line":96,"column":6}},"39":{"start":{"line":99,"column":2},"end":{"line":165,"column":4}},"40":{"start":{"line":148,"column":27},"end":{"line":148,"column":40}},"41":{"start":{"line":168,"column":21},"end":{"line":240,"column":2}},"42":{"start":{"line":168,"column":37},"end":{"line":240,"column":2}}},"fnMap":{"0":{"name":"EditSheetScreen","decl":{"start":{"line":19,"column":24},"end":{"line":19,"column":39}},"loc":{"start":{"line":19,"column":42},"end":{"line":166,"column":1}},"line":19},"1":{"name":"(anonymous_1)","decl":{"start":{"line":35,"column":13},"end":{"line":35,"column":14}},"loc":{"start":{"line":35,"column":19},"end":{"line":35,"column":45}},"line":35},"2":{"name":"(anonymous_2)","decl":{"start":{"line":39,"column":12},"end":{"line":39,"column":13}},"loc":{"start":{"line":39,"column":18},"end":{"line":51,"column":3}},"line":39},"3":{"name":"(anonymous_3)","decl":{"start":{"line":54,"column":16},"end":{"line":54,"column":17}},"loc":{"start":{"line":54,"column":31},"end":{"line":54,"column":66}},"line":54},"4":{"name":"(anonymous_4)","decl":{"start":{"line":55,"column":15},"end":{"line":55,"column":16}},"loc":{"start":{"line":55,"column":21},"end":{"line":59,"column":5}},"line":55},"5":{"name":"(anonymous_5)","decl":{"start":{"line":62,"column":21},"end":{"line":62,"column":22}},"loc":{"start":{"line":62,"column":33},"end":{"line":89,"column":3}},"line":62},"6":{"name":"(anonymous_6)","decl":{"start":{"line":148,"column":21},"end":{"line":148,"column":22}},"loc":{"start":{"line":148,"column":27},"end":{"line":148,"column":40}},"line":148},"7":{"name":"(anonymous_7)","decl":{"start":{"line":168,"column":21},"end":{"line":168,"column":22}},"loc":{"start":{"line":168,"column":37},"end":{"line":240,"column":2}},"line":168}},"branchMap":{"0":{"loc":{"start":{"line":40,"column":4},"end":{"line":50,"column":5}},"type":"if","locations":[{"start":{"line":40,"column":4},"end":{"line":50,"column":5}},{"start":{},"end":{}}],"line":40},"1":{"loc":{"start":{"line":42,"column":16},"end":{"line":42,"column":34}},"type":"binary-expr","locations":[{"start":{"line":42,"column":16},"end":{"line":42,"column":28}},{"start":{"line":42,"column":32},"end":{"line":42,"column":34}}],"line":42},"2":{"loc":{"start":{"line":43,"column":13},"end":{"line":43,"column":28}},"type":"binary-expr","locations":[{"start":{"line":43,"column":13},"end":{"line":43,"column":22}},{"start":{"line":43,"column":26},"end":{"line":43,"column":28}}],"line":43},"3":{"loc":{"start":{"line":63,"column":4},"end":{"line":66,"column":5}},"type":"if","locations":[{"start":{"line":63,"column":4},"end":{"line":66,"column":5}},{"start":{},"end":{}}],"line":63},"4":{"loc":{"start":{"line":68,"column":4},"end":{"line":71,"column":5}},"type":"if","locations":[{"start":{"line":68,"column":4},"end":{"line":71,"column":5}},{"start":{},"end":{}}],"line":68},"5":{"loc":{"start":{"line":76,"column":49},"end":{"line":76,"column":86}},"type":"cond-expr","locations":[{"start":{"line":76,"column":58},"end":{"line":76,"column":81}},{"start":{"line":76,"column":84},"end":{"line":76,"column":86}}],"line":76},"6":{"loc":{"start":{"line":76,"column":89},"end":{"line":76,"column":117}},"type":"cond-expr","locations":[{"start":{"line":76,"column":95},"end":{"line":76,"column":112}},{"start":{"line":76,"column":115},"end":{"line":76,"column":117}}],"line":76},"7":{"loc":{"start":{"line":80,"column":16},"end":{"line":80,"column":30}},"type":"binary-expr","locations":[{"start":{"line":80,"column":16},"end":{"line":80,"column":22}},{"start":{"line":80,"column":26},"end":{"line":80,"column":30}}],"line":80},"8":{"loc":{"start":{"line":81,"column":13},"end":{"line":81,"column":24}},"type":"binary-expr","locations":[{"start":{"line":81,"column":13},"end":{"line":81,"column":16}},{"start":{"line":81,"column":20},"end":{"line":81,"column":24}}],"line":81},"9":{"loc":{"start":{"line":85,"column":35},"end":{"line":85,"column":90}},"type":"binary-expr","locations":[{"start":{"line":85,"column":35},"end":{"line":85,"column":62}},{"start":{"line":85,"column":66},"end":{"line":85,"column":90}}],"line":85},"10":{"loc":{"start":{"line":91,"column":2},"end":{"line":97,"column":3}},"type":"if","locations":[{"start":{"line":91,"column":2},"end":{"line":97,"column":3}},{"start":{},"end":{}}],"line":91},"11":{"loc":{"start":{"line":101,"column":16},"end":{"line":101,"column":60}},"type":"cond-expr","locations":[{"start":{"line":101,"column":40},"end":{"line":101,"column":49}},{"start":{"line":101,"column":52},"end":{"line":101,"column":60}}],"line":101},"12":{"loc":{"start":{"line":154,"column":54},"end":{"line":154,"column":88}},"type":"binary-expr","locations":[{"start":{"line":154,"column":54},"end":{"line":154,"column":63}},{"start":{"line":154,"column":67},"end":{"line":154,"column":88}}],"line":154},"13":{"loc":{"start":{"line":159,"column":15},"end":{"line":159,"column":55}},"type":"cond-expr","locations":[{"start":{"line":159,"column":27},"end":{"line":159,"column":38}},{"start":{"line":159,"column":41},"end":{"line":159,"column":55}}],"line":159},"14":{"loc":{"start":{"line":205,"column":16},"end":{"line":205,"column":63}},"type":"cond-expr","locations":[{"start":{"line":205,"column":40},"end":{"line":205,"column":49}},{"start":{"line":205,"column":52},"end":{"line":205,"column":63}}],"line":205}},"s":{"0":0,"1":0,"2":0,"3":0,"4":0,"5":0,"6":0,"7":0,"8":0,"9":0,"10":0,"11":0,"12":0,"13":0,"14":0,"15":0,"16":0,"17":0,"18":0,"19":0,"20":0,"21":0,"22":0,"23":0,"24":0,"25":0,"26":0,"27":0,"28":0,"29":0,"30":0,"31":0,"32":0,"33":0,"34":0,"35":0,"36":0,"37":0,"38":0,"39":0,"40":0,"41":0,"42":0},"f":{"0":0,"1":0,"2":0,"3":0,"4":0,"5":0,"6":0,"7":0},"b":{"0":[0,0],"1":[0,0],"2":[0,0],"3":[0,0],"4":[0,0],"5":[0,0],"6":[0,0],"7":[0,0],"8":[0,0],"9":[0,0],"10":[0,0],"11":[0,0],"12":[0,0],"13":[0,0],"14":[0,0]}},"/home/runner/work/GigCentral/GigCentral/mobile/app/create-directory.tsx":{"path":"/home/runner/work/GigCentral/GigCentral/mobile/app/create-directory.tsx","statementMap":{"0":{"start":{"line":19,"column":26},"end":{"line":19,"column":38}},"1":{"start":{"line":20,"column":40},"end":{"line":20,"column":52}},"2":{"start":{"line":22,"column":17},"end":{"line":22,"column":28}},"3":{"start":{"line":23,"column":22},"end":{"line":23,"column":38}},"4":{"start":{"line":24,"column":20},"end":{"line":24,"column":30}},"5":{"start":{"line":26,"column":17},"end":{"line":26,"column":36}},"6":{"start":{"line":28,"column":25},"end":{"line":37,"column":4}},"7":{"start":{"line":29,"column":31},"end":{"line":29,"column":69}},"8":{"start":{"line":31,"column":6},"end":{"line":31,"column":67}},"9":{"start":{"line":32,"column":6},"end":{"line":32,"column":38}},"10":{"start":{"line":35,"column":6},"end":{"line":35,"column":96}},"11":{"start":{"line":39,"column":23},"end":{"line":49,"column":3}},"12":{"start":{"line":40,"column":4},"end":{"line":43,"column":5}},"13":{"start":{"line":41,"column":6},"end":{"line":41,"column":60}},"14":{"start":{"line":42,"column":6},"end":{"line":42,"column":13}},"15":{"start":{"line":45,"column":4},"end":{"line":48,"column":7}},"16":{"start":{"line":51,"column":2},"end":{"line":97,"column":4}},"17":{"start":{"line":82,"column":25},"end":{"line":82,"column":38}},"18":{"start":{"line":100,"column":21},"end":{"line":170,"column":2}},"19":{"start":{"line":100,"column":37},"end":{"line":170,"column":2}}},"fnMap":{"0":{"name":"CreateDirectoryScreen","decl":{"start":{"line":18,"column":24},"end":{"line":18,"column":45}},"loc":{"start":{"line":18,"column":48},"end":{"line":98,"column":1}},"line":18},"1":{"name":"(anonymous_1)","decl":{"start":{"line":29,"column":16},"end":{"line":29,"column":17}},"loc":{"start":{"line":29,"column":31},"end":{"line":29,"column":69}},"line":29},"2":{"name":"(anonymous_2)","decl":{"start":{"line":30,"column":15},"end":{"line":30,"column":16}},"loc":{"start":{"line":30,"column":21},"end":{"line":33,"column":5}},"line":30},"3":{"name":"(anonymous_3)","decl":{"start":{"line":34,"column":13},"end":{"line":34,"column":14}},"loc":{"start":{"line":34,"column":29},"end":{"line":36,"column":5}},"line":34},"4":{"name":"(anonymous_4)","decl":{"start":{"line":39,"column":23},"end":{"line":39,"column":24}},"loc":{"start":{"line":39,"column":29},"end":{"line":49,"column":3}},"line":39},"5":{"name":"(anonymous_5)","decl":{"start":{"line":82,"column":19},"end":{"line":82,"column":20}},"loc":{"start":{"line":82,"column":25},"end":{"line":82,"column":38}},"line":82},"6":{"name":"(anonymous_6)","decl":{"start":{"line":100,"column":21},"end":{"line":100,"column":22}},"loc":{"start":{"line":100,"column":37},"end":{"line":170,"column":2}},"line":100}},"branchMap":{"0":{"loc":{"start":{"line":35,"column":35},"end":{"line":35,"column":94}},"type":"binary-expr","locations":[{"start":{"line":35,"column":35},"end":{"line":35,"column":62}},{"start":{"line":35,"column":66},"end":{"line":35,"column":94}}],"line":35},"1":{"loc":{"start":{"line":40,"column":4},"end":{"line":43,"column":5}},"type":"if","locations":[{"start":{"line":40,"column":4},"end":{"line":43,"column":5}},{"start":{},"end":{}}],"line":40},"2":{"loc":{"start":{"line":47,"column":19},"end":{"line":47,"column":50}},"type":"binary-expr","locations":[{"start":{"line":47,"column":19},"end":{"line":47,"column":37}},{"start":{"line":47,"column":41},"end":{"line":47,"column":50}}],"line":47},"3":{"loc":{"start":{"line":53,"column":16},"end":{"line":53,"column":60}},"type":"cond-expr","locations":[{"start":{"line":53,"column":40},"end":{"line":53,"column":49}},{"start":{"line":53,"column":52},"end":{"line":53,"column":60}}],"line":53},"4":{"loc":{"start":{"line":87,"column":39},"end":{"line":87,"column":94}},"type":"binary-expr","locations":[{"start":{"line":87,"column":39},"end":{"line":87,"column":63}},{"start":{"line":87,"column":67},"end":{"line":87,"column":94}}],"line":87},"5":{"loc":{"start":{"line":92,"column":13},"end":{"line":92,"column":64}},"type":"cond-expr","locations":[{"start":{"line":92,"column":40},"end":{"line":92,"column":53}},{"start":{"line":92,"column":56},"end":{"line":92,"column":64}}],"line":92}},"s":{"0":0,"1":0,"2":0,"3":0,"4":0,"5":0,"6":0,"7":0,"8":0,"9":0,"10":0,"11":0,"12":0,"13":0,"14":0,"15":0,"16":0,"17":0,"18":0,"19":0},"f":{"0":0,"1":0,"2":0,"3":0,"4":0,"5":0,"6":0},"b":{"0":[0,0],"1":[0,0],"2":[0,0],"3":[0,0],"4":[0,0],"5":[0,0]}},"/home/runner/work/GigCentral/GigCentral/mobile/app/_layout.tsx":{"path":"/home/runner/work/GigCentral/GigCentral/mobile/app/_layout.tsx","statementMap":{"0":{"start":{"line":7,"column":20},"end":{"line":7,"column":37}},"1":{"start":{"line":10,"column":2},"end":{"line":18,"column":4}}},"fnMap":{"0":{"name":"RootLayout","decl":{"start":{"line":9,"column":24},"end":{"line":9,"column":34}},"loc":{"start":{"line":9,"column":37},"end":{"line":19,"column":1}},"line":9}},"branchMap":{},"s":{"0":0,"1":0},"f":{"0":0},"b":{}},"/home/runner/work/GigCentral/GigCentral/mobile/app/setlist/[id].tsx":{"path":"/home/runner/work/GigCentral/GigCentral/mobile/app/setlist/[id].tsx","statementMap":{"0":{"start":{"line":27,"column":17},"end":{"line":27,"column":55}},"1":{"start":{"line":28,"column":22},"end":{"line":28,"column":38}},"2":{"start":{"line":29,"column":20},"end":{"line":29,"column":30}},"3":{"start":{"line":31,"column":17},"end":{"line":31,"column":36}},"4":{"start":{"line":33,"column":39},"end":{"line":36,"column":4}},"5":{"start":{"line":35,"column":19},"end":{"line":35,"column":49}},"6":{"start":{"line":38,"column":29},"end":{"line":47,"column":4}},"7":{"start":{"line":40,"column":6},"end":{"line":40,"column":44}},"8":{"start":{"line":42,"column":6},"end":{"line":42,"column":67}},"9":{"start":{"line":45,"column":6},"end":{"line":45,"column":85}},"10":{"start":{"line":49,"column":26},"end":{"line":58,"column":4}},"11":{"start":{"line":51,"column":6},"end":{"line":51,"column":45}},"12":{"start":{"line":53,"column":6},"end":{"line":53,"column":67}},"13":{"start":{"line":56,"column":6},"end":{"line":56,"column":87}},"14":{"start":{"line":60,"column":23},"end":{"line":66,"column":3}},"15":{"start":{"line":61,"column":4},"end":{"line":61,"column":28}},"16":{"start":{"line":61,"column":21},"end":{"line":61,"column":28}},"17":{"start":{"line":62,"column":18},"end":{"line":62,"column":45}},"18":{"start":{"line":63,"column":4},"end":{"line":63,"column":72}},"19":{"start":{"line":64,"column":24},"end":{"line":64,"column":82}},"20":{"start":{"line":64,"column":50},"end":{"line":64,"column":80}},"21":{"start":{"line":65,"column":4},"end":{"line":65,"column":40}},"22":{"start":{"line":68,"column":25},"end":{"line":74,"column":3}},"23":{"start":{"line":69,"column":18},"end":{"line":69,"column":45}},"24":{"start":{"line":70,"column":4},"end":{"line":70,"column":43}},"25":{"start":{"line":70,"column":36},"end":{"line":70,"column":43}},"26":{"start":{"line":71,"column":4},"end":{"line":71,"column":72}},"27":{"start":{"line":72,"column":24},"end":{"line":72,"column":82}},"28":{"start":{"line":72,"column":50},"end":{"line":72,"column":80}},"29":{"start":{"line":73,"column":4},"end":{"line":73,"column":40}},"30":{"start":{"line":76,"column":27},"end":{"line":85,"column":3}},"31":{"start":{"line":77,"column":4},"end":{"line":84,"column":7}},"32":{"start":{"line":82,"column":23},"end":{"line":82,"column":60}},"33":{"start":{"line":87,"column":25},"end":{"line":89,"column":3}},"34":{"start":{"line":88,"column":4},"end":{"line":88,"column":87}},"35":{"start":{"line":91,"column":26},"end":{"line":93,"column":3}},"36":{"start":{"line":92,"column":4},"end":{"line":92,"column":37}},"37":{"start":{"line":95,"column":21},"end":{"line":141,"column":3}},"38":{"start":{"line":96,"column":4},"end":{"line":140,"column":6}},"39":{"start":{"line":100,"column":27},"end":{"line":100,"column":46}},"40":{"start":{"line":107,"column":27},"end":{"line":107,"column":48}},"41":{"start":{"line":121,"column":25},"end":{"line":121,"column":54}},"42":{"start":{"line":133,"column":25},"end":{"line":133,"column":76}},"43":{"start":{"line":143,"column":2},"end":{"line":149,"column":3}},"44":{"start":{"line":144,"column":4},"end":{"line":148,"column":6}},"45":{"start":{"line":151,"column":2},"end":{"line":157,"column":3}},"46":{"start":{"line":152,"column":4},"end":{"line":156,"column":6}},"47":{"start":{"line":159,"column":16},"end":{"line":159,"column":35}},"48":{"start":{"line":161,"column":2},"end":{"line":193,"column":4}},"49":{"start":{"line":164,"column":41},"end":{"line":164,"column":54}},"50":{"start":{"line":187,"column":34},"end":{"line":187,"column":41}},"51":{"start":{"line":196,"column":21},"end":{"line":324,"column":2}},"52":{"start":{"line":196,"column":37},"end":{"line":324,"column":2}}},"fnMap":{"0":{"name":"SetlistDetailScreen","decl":{"start":{"line":26,"column":24},"end":{"line":26,"column":43}},"loc":{"start":{"line":26,"column":46},"end":{"line":194,"column":1}},"line":26},"1":{"name":"(anonymous_1)","decl":{"start":{"line":35,"column":13},"end":{"line":35,"column":14}},"loc":{"start":{"line":35,"column":19},"end":{"line":35,"column":49}},"line":35},"2":{"name":"(anonymous_2)","decl":{"start":{"line":39,"column":16},"end":{"line":39,"column":17}},"loc":{"start":{"line":40,"column":6},"end":{"line":40,"column":44}},"line":40},"3":{"name":"(anonymous_3)","decl":{"start":{"line":41,"column":15},"end":{"line":41,"column":16}},"loc":{"start":{"line":41,"column":21},"end":
[...]
e":26,"column":20},"end":{"line":26,"column":30}},"7":{"start":{"line":28,"column":17},"end":{"line":28,"column":36}},"8":{"start":{"line":30,"column":38},"end":{"line":33,"column":4}},"9":{"start":{"line":32,"column":19},"end":{"line":32,"column":43}},"10":{"start":{"line":35,"column":25},"end":{"line":43,"column":4}},"11":{"start":{"line":36,"column":4},"end":{"line":36,"column":41}},"12":{"start":{"line":36,"column":29},"end":{"line":36,"column":41}},"13":{"start":{"line":37,"column":18},"end":{"line":37,"column":43}},"14":{"start":{"line":38,"column":4},"end":{"line":42,"column":6}},"15":{"start":{"line":45,"column":25},"end":{"line":64,"column":4}},"16":{"start":{"line":48,"column":22},"end":{"line":48,"column":81}},"17":{"start":{"line":51,"column":6},"end":{"line":53,"column":7}},"18":{"start":{"line":51,"column":19},"end":{"line":51,"column":20}},"19":{"start":{"line":52,"column":8},"end":{"line":52,"column":70}},"20":{"start":{"line":55,"column":6},"end":{"line":55,"column":21}},"21":{"start":{"line":58,"column":6},"end":{"line":58,"column":78}},"22":{"start":{"line":59,"column":6},"end":{"line":59,"column":20}},"23":{"start":{"line":62,"column":6},"end":{"line":62,"column":94}},"24":{"start":{"line":66,"column":22},"end":{"line":74,"column":3}},"25":{"start":{"line":67,"column":24},"end":{"line":67,"column":47}},"26":{"start":{"line":68,"column":4},"end":{"line":72,"column":5}},"27":{"start":{"line":69,"column":6},"end":{"line":69,"column":34}},"28":{"start":{"line":71,"column":6},"end":{"line":71,"column":31}},"29":{"start":{"line":73,"column":4},"end":{"line":73,"column":35}},"30":{"start":{"line":76,"column":23},"end":{"line":91,"column":3}},"31":{"start":{"line":77,"column":4},"end":{"line":80,"column":5}},"32":{"start":{"line":78,"column":6},"end":{"line":78,"column":58}},"33":{"start":{"line":79,"column":6},"end":{"line":79,"column":13}},"34":{"start":{"line":82,"column":4},"end":{"line":85,"column":5}},"35":{"start":{"line":83,"column":6},"end":{"line":83,"column":62}},"36":{"start":{"line":84,"column":6},"end":{"line":84,"column":13}},"37":{"start":{"line":87,"column":4},"end":{"line":90,"column":7}},"38":{"start":{"line":93,"column":2},"end":{"line":99,"column":3}},"39":{"start":{"line":94,"column":4},"end":{"line":98,"column":6}},"40":{"start":{"line":101,"column":2},"end":{"line":187,"column":4}},"41":{"start":{"line":127,"column":45},"end":{"line":127,"column":63}},"42":{"start":{"line":136,"column":34},"end":{"line":136,"column":41}},"43":{"start":{"line":138,"column":12},"end":{"line":158,"column":31}},"44":{"start":{"line":140,"column":29},"end":{"line":140,"column":49}},"45":{"start":{"line":172,"column":25},"end":{"line":172,"column":38}},"46":{"start":{"line":190,"column":21},"end":{"line":328,"column":2}},"47":{"start":{"line":190,"column":37},"end":{"line":328,"column":2}}},"fnMap":{"0":{"name":"CreateSetlistScreen","decl":{"start":{"line":18,"column":24},"end":{"line":18,"column":43}},"loc":{"start":{"line":18,"column":46},"end":{"line":188,"column":1}},"line":18},"1":{"name":"(anonymous_1)","decl":{"start":{"line":32,"column":13},"end":{"line":32,"column":14}},"loc":{"start":{"line":32,"column":19},"end":{"line":32,"column":43}},"line":32},"2":{"name":"(anonymous_2)","decl":{"start":{"line":35,"column":40},"end":{"line":35,"column":41}},"loc":{"start":{"line":35,"column":56},"end":{"line":43,"column":3}},"line":35},"3":{"name":"(anonymous_3)","decl":{"start":{"line":46,"column":16},"end":{"line":46,"column":17}},"loc":{"start":{"line":46,"column":70},"end":{"line":56,"column":5}},"line":46},"4":{"name":"(anonymous_4)","decl":{"start":{"line":57,"column":15},"end":{"line":57,"column":16}},"loc":{"start":{"line":57,"column":21},"end":{"line":60,"column":5}},"line":57},"5":{"name":"(anonymous_5)","decl":{"start":{"line":61,"column":13},"end":{"line":61,"column":14}},"loc":{"start":{"line":61,"column":29},"end":{"line":63,"column":5}},"line":61},"6":{"name":"(anonymous_6)","decl":{"start":{"line":66,"column":22},"end":{"line":66,"column":23}},"loc":{"start":{"line":66,"column":43},"end":{"line":74,"column":3}},"line":66},"7":{"name":"(anonymous_7)","decl":{"start":{"line":76,"column":23},"end":{"line":76,"column":24}},"loc":{"start":{"line":76,"column":29},"end":{"line":91,"column":3}},"line":76},"8":{"name":"(anonymous_8)","decl":{"start":{"line":127,"column":39},"end":{"line":127,"column":40}},"loc":{"start":{"line":127,"column":45},"end":{"line":127,"column":63}},"line":127},"9":{"name":"(anonymous_9)","decl":{"start":{"line":136,"column":24},"end":{"line":136,"column":25}},"loc":{"start":{"line":136,"column":34},"end":{"line":136,"column":41}},"line":136},"10":{"name":"(anonymous_10)","decl":{"start":{"line":137,"column":22},"end":{"line":137,"column":23}},"loc":{"start":{"line":138,"column":12},"end":{"line":158,"column":31}},"line":138},"11":{"name":"(anonymous_11)","decl":{"start":{"line":140,"column":23},"end":{"line":140,"column":24}},"loc":{"start":{"line":140,"column":29},"end":{"line":140,"column":49}},"line":140},"12":{"name":"(anonymous_12)","decl":{"start":{"line":172,"column":19},"end":{"line":172,"column":20}},"loc":{"start":{"line":172,"column":25},"end":{"line":172,"column":38}},"line":172},"13":{"name":"(anonymous_13)","decl":{"start":{"line":190,"column":21},"end":{"line":190,"column":22}},"loc":{"start":{"line":190,"column":37},"end":{"line":328,"column":2}},"line":190}},"branchMap":{"0":{"loc":{"start":{"line":36,"column":4},"end":{"line":36,"column":41}},"type":"if","locations":[{"start":{"line":36,"column":4},"end":{"line":36,"column":41}},{"start":{},"end":{}}],"line":36},"1":{"loc":{"start":{"line":39,"column":6},"end":{"line":41,"column":46}},"type":"binary-expr","locations":[{"start":{"line":39,"column":6},"end":{"line":39,"column":48}},{"start":{"line":40,"column":6},"end":{"line":40,"column":49}},{"start":{"line":41,"column":6},"end":{"line":41,"column":46}}],"line":39},"2":{"loc":{"start":{"line":62,"column":35},"end":{"line":62,"column":92}},"type":"binary-expr","locations":[{"start":{"line":62,"column":35},"end":{"line":62,"column":62}},{"start":{"line":62,"column":66},"end":{"line":62,"column":92}}],"line":62},"3":{"loc":{"start":{"line":68,"column":4},"end":{"line":72,"column":5}},"type":"if","locations":[{"start":{"line":68,"column":4},"end":{"line":72,"column":5}},{"start":{"line":70,"column":11},"end":{"line":72,"column":5}}],"line":68},"4":{"loc":{"start":{"line":77,"column":4},"end":{"line":80,"column":5}},"type":"if","locations":[{"start":{"line":77,"column":4},"end":{"line":80,"column":5}},{"start":{},"end":{}}],"line":77},"5":{"loc":{"start":{"line":82,"column":4},"end":{"line":85,"column":5}},"type":"if","locations":[{"start":{"line":82,"column":4},"end":{"line":85,"column":5}},{"start":{},"end":{}}],"line":82},"6":{"loc":{"start":{"line":93,"column":2},"end":{"line":99,"column":3}},"type":"if","locations":[{"start":{"line":93,"column":2},"end":{"line":99,"column":3}},{"start":{},"end":{}}],"line":93},"7":{"loc":{"start":{"line":126,"column":11},"end":{"line":130,"column":11}},"type":"binary-expr","locations":[{"start":{"line":126,"column":11},"end":{"line":126,"column":33}},{"start":{"line":127,"column":12},"end":{"line":129,"column":31}}],"line":126},"8":{"loc":{"start":{"line":143,"column":22},"end":{"line":143,"column":81}},"type":"cond-expr","locations":[{"start":{"line":143,"column":52},"end":{"line":143,"column":62}},{"start":{"line":143,"column":65},"end":{"line":143,"column":81}}],"line":143},"9":{"loc":{"start":{"line":145,"column":23},"end":{"line":145,"column":95}},"type":"cond-expr","locations":[{"start":{"line":145,"column":53},"end":{"line":145,"column":73}},{"start":{"line":145,"column":76},"end":{"line":145,"column":95}}],"line":145},"10":{"loc":{"start":{"line":149,"column":17},"end":{"line":151,"column":17}},"type":"binary-expr","locations":[{"start":{"line":149,"column":17},"end":{"line":149,"column":28}},{"start":{"line":150,"column":18},"end":{"line":150,"column":71}}],"line":149},"11":{"loc":{"start":{"line":153,"column":15},"end":{"line":157,"column":15}},"type":"binary-expr","locations":[{"start":{"line":153,"column":15},"end":{"line":153,"column":23}},{"start":{"line":154,"column":16},"end":{"line":156,"column":23}}],"line":153},"12":{"loc":{"start":{"line":177,"column":39},"end":{"line":177,"column":94}},"type":"binary-expr","locations":[{"start":{"line":177,"column":39},"end":{"line":177,"column":63}},{"start":{"line":177,"column":67},"end":{"line":177,"column":94}}],"line":177},"13":{"loc":{"start":{"line":182,"column":13},"end":{"line":182,"column":72}},"type":"cond-expr","locations":[{"start":{"line":182,"column":40},"end":{"line":182,"column":53}},{"start":{"line":182,"column":56},"end":{"line":182,"column":72}}],"line":182}},"s":{"0":0,"1":0,"2":0,"3":0,"4":0,"5":0,"6":0,"7":0,"8":0,"9":0,"10":0,"11":0,"12":0,"13":0,"14":0,"15":0,"16":0,"17":0,"18":0,"19":0,"20":0,"21":0,"22":0,"23":0,"24":0,"25":0,"26":0,"27":0,"28":0,"29":0,"30":0,"31":0,"32":0,"33":0,"34":0,"35":0,"36":0,"37":0,"38":0,"39":0,"40":0,"41":0,"42":0,"43":0,"44":0,"45":0,"46":0,"47":0},"f":{"0":0,"1":0,"2":0,"3":0,"4":0,"5":0,"6":0,"7":0,"8":0,"9":0,"10":0,"11":0,"12":0,"13":0},"b":{"0":[0,0],"1":[0,0,0],"2":[0,0],"3":[0,0],"4":[0,0],"5":[0,0],"6":[0,0],"7":[0,0],"8":[0,0],"9":[0,0],"10":[0,0],"11":[0,0],"12":[0,0],"13":[0,0]}},"/home/runner/work/GigCentral/GigCentral/mobile/app/import.tsx":{"path":"/home/runner/work/GigCentral/GigCentral/mobile/app/import.tsx","statementMap":{"0":{"start":{"line":22,"column":28},"end":{"line":22,"column":40}},"1":{"start":{"line":23,"column":30},"end":{"line":23,"column":42}},"2":{"start":{"line":24,"column":24},"end":{"line":24,"column":36}},"3":{"start":{"line":25,"column":26},"end":{"line":25,"column":38}},"4":{"start":{"line":26,"column":28},"end":{"line":26,"column":42}},"5":{"start":{"line":27,"column":38},"end":{"line":27,"column":53}},"6":{"start":{"line":28,"column":36},"end":{"line":28,"column":51}},"7":{"start":{"line":29,"column":42},"end":{"line":29,"column":57}},"8":{"start":{"line":30,"column":50},"end":{"line":30,"column":62}},"9":{"start":{"line":31,"column":40},"end":{"line":31,"column":55}},"10":{"start":{"line":32,"column":54},"end":{"line":32,"column":66}},"11":{"start":{"line":34,"column":17},"end":{"line":34,"column":28}},"12":{"start":{"line":35,"column":22},"end":{"line":35,"column":38}},"13":{"start":{"line":36,"column":20},"end":{"line":36,"column":30}},"14":{"start":{"line":38,"column":17},"end":{"line":38,"column":36}},"15":{"start":{"line":40,"column":25},"end":{"line":46,"column":4}},"16":{"start":{"line":41,"column":31},"end":{"line":41,"column":61}},"17":{"start":{"line":43,"column":6},"end":{"line":43,"column":62}},"18":{"start":{"line":44,"column":6},"end":{"line":44,"column":20}},"19":{"start":{"line":48,"column":24},"end":{"line":70,"column":3}},"20":{"start":{"line":49,"column":4},"end":{"line":52,"column":5}},"21":{"start":{"line":50,"column":6},"end":{"line":50,"column":74}},"22":{"start":{"line":51,"column":6},"end":{"line":51,"column":13}},"23":{"start":{"line":54,"column":4},"end":{"line":54,"column":26}},"24":{"start":{"line":55,"column":4},"end":{"line":69,"column":5}},"25":{"start":{"line":57,"column":23},"end":{"line":61,"column":8}},"26":{"start":{"line":63,"column":6},"end":{"line":63,"column":58}},"27":{"start":{"line":64,"column":6},"end":{"line":64,"column":27}},"28":{"start":{"line":66,"column":6},"end":{"line":66,"column":99}},"29":{"start":{"line":68,"column":6},"end":{"line":68,"column":29}},"30":{"start":{"line":72,"column":23},"end":{"line":104,"column":3}},"31":{"start":{"line":73,"column":4},"end":{"line":76,"column":5}},"32":{"start":{"line":74,"column":6},"end":{"line":74,"column":56}},"33":{"start":{"line":75,"column":6},"end":{"line":75,"column":13}},"34":{"start":{"line":78,"column":28},"end":{"line":78,"column":85}},"35":{"start":{"line":80,"column":4},"end":{"line":83,"column":5}},"36":{"start":{"line":81,"column":6},"end":{"line":81,"column":67}},"37":{"start":{"line":82,"column":6},"end":{"line":82,"column":13}},"38":{"start":{"line":85,"column":4},"end":{"line":85,"column":23}},"39":{"start":{"line":86,"column":4},"end":{"line":103,"column":5}},"40":{"start":{"line":88,"column":23},"end":{"line":88,"column":44}},"41":{"start":{"line":89,"column":6},"end":{"line":89,"column":56}},"42":{"start":{"line":89,"column":18},"end":{"line":89,"column":56}},"43":{"start":{"line":90,"column":6},"end":{"line":90,"column":47}},"44":{"start":{"line":90,"column":15},"end":{"line":90,"column":47}},"45":{"start":{"line":91,"column":6},"end":{"line":91,"column":43}},"46":{"start":{"line":93,"column":6},"end":{"line":98,"column":9}},"47":{"start":{"line":100,"column":6},"end":{"line":100,"column":92}},"48":{"start":{"line":102,"column":6},"end":{"line":102,"column":26}},"49":{"start":{"line":106,"column":2},"end":{"line":240,"column":4}},"50":{"start":{"line":150,"column":14},"end":{"line":150,"column":28}},"51":{"start":{"line":151,"column":14},"end":{"line":151,"column":36}},"52":{"start":{"line":243,"column":21},"end":{"line":392,"column":2}},"53":{"start":{"line":243,"column":37},"end":{"line":392,"column":2}}},"fnMap":{"0":{"name":"ImportScreen","decl":{"start":{"line":21,"column":24},"end":{"line":21,"column":36}},"loc":{"start":{"line":21,"column":39},"end":{"line":241,"column":1}},"line":21},"1":{"name":"(anonymous_1)","decl":{"start":{"line":41,"column":16},"end":{"line":41,"column":17}},"loc":{"start":{"line":41,"column":31},"end":{"line":41,"column":61}},"line":41},"2":{"name":"(anonymous_2)","decl":{"start":{"line":42,"column":15},"end":{"line":42,"column":16}},"loc":{"start":{"line":42,"column":21},"end":{"line":45,"column":5}},"line":42},"3":{"name":"(anonymous_3)","decl":{"start":{"line":48,"column":24},"end":{"line":48,"column":25}},"loc":{"start":{"line":48,"column":36},"end":{"line":70,"column":3}},"line":48},"4":{"name":"(anonymous_4)","decl":{"start":{"line":72,"column":23},"end":{"line":72,"column":24}},"loc":{"start":{"line":72,"column":35},"end":{"line":104,"column":3}},"line":72},"5":{"name":"(anonymous_5)","decl":{"start":{"line":149,"column":26},"end":{"line":149,"column":27}},"loc":{"start":{"line":149,"column":36},"end":{"line":152,"column":13}},"line":149},"6":{"name":"(anonymous_6)","decl":{"start":{"line":243,"column":21},"end":{"line":243,"column":22}},"loc":{"start":{"line":243,"column":37},"end":{"line":392,"column":2}},"line":243}},"branchMap":{"0":{"loc":{"start":{"line":49,"column":4},"end":{"line":52,"column":5}},"type":"if","locations":[{"start":{"line":49,"column":4},"end":{"line":52,"column":5}},{"start":{},"end":{}}],"line":49},"1":{"loc":{"start":{"line":60,"column":28},"end":{"line":60,"column":66}},"type":"binary-expr","locations":[{"start":{"line":60,"column":28},"end":{"line":60,"column":53}},{"start":{"line":60,"column":57},"end":{"line":60,"column":66}}],"line":60},"2":{"loc":{"start":{"line":63,"column":26},"end":{"line":63,"column":56}},"type":"binary-expr","locations":[{"start":{"line":63,"column":26},"end":{"line":63,"column":48}},{"start":{"line":63,"column":52},"end":{"line":63,"column":56}}],"line":63},"3":{"loc":{"start":{"line":66,"column":36},"end":{"line":66,"column":97}},"type":"binary-expr","locations":[{"start":{"line":66,"column":36},"end":{"line":66,"column":63}},{"start":{"line":66,"column":67},"end":{"line":66,"column":97}}],"line":66},"4":{"loc":{"start":{"line":73,"column":4},"end":{"line":76,"column":5}},"type":"if","locations":[{"start":{"line":73,"column":4},"end":{"line":76,"column":5}},{"start":{},"end":{}}],"line":73},"5":{"loc":{"start":{"line":78,"column":28},"end":{"line":78,"column":85}},"type":"cond-expr","locations":[{"start":{"line":78,"column":62},"end":{"line":78,"column":78}},{"start":{"line":78,"column":81},"end":{"line":78,"column":85}}],"line":78},"6":{"loc":{"start":{"line":78,"column":28},"end":{"line":78,"column":59}},"type":"binary-expr","locations":[{"start":{"line":78,"column":28},"end":{"line":78,"column":39}},{"start":{"line":78,"column":43},"end":{"line":78,"column":59}}],"line":78},"7":{"loc":{"start":{"line":80,"column":4},"end":{"line":83,"column":5}},"type":"if","locations":[{"start":{"line":80,"column":4},"end":{"line":83,"column":5}},{"start":{},"end":{}}],"line":80},"8":{"loc":{"start":{"line":89,"column":6},"end":{"line":89,"column":56}},"type":"if","locations":[{"start":{"line":89,"column":6},"end":{"line":89,"column":56}},{"start":{},"end":{}}],"line":89},"9":{"loc":{"start":{"line":90,"column":6},"end":{"line":90,"column":47}},"type":"if","locations":[{"start":{"line":90,"column":6},"end":{"line":90,"column":47}},{"start":{},"end":{}}],"line":90},"10":{"loc":{"start":{"line":100,"column":35},"end":{"line":100,"column":90}},"type":"binary-expr","locations":[{"start":{"line":100,"column":35},"end":{"line":100,"column":62}},{"start":{"line":100,"column":66},"end":{"line":100,"column":90}}],"line":100},"11":{"loc":{"start":{"line":109,"column":18},"end":{"line":109,"column":62}},"type":"cond-expr","locations":[{"start":{"line":109,"column":42},"end":{"line":109,"column":51}},{"start":{"line":109,"column":54},"end":{"line":109,"column":62}}],"line":109},"12":{"loc":{"start":{"line":188,"column":42},"end":{"line":188,"column":79}},"type":"binary-expr","locations":[{"start":{"line":188,"column":42},"end":{"line":188,"column":54}},{"start":{"line":188,"column":58},"end":{"line":188,"column":79}}],"line":188},"13":{"loc":{"start":{"line":192,"column":13},"end":{"line":196,"column":13}},"type":"cond-expr","locations":[{"start":{"line":193,"column":14},"end":{"line":193,"column":48}},{"start":{"line":195,"column":14},"end":{"line":195,"column":74}}],"line":192},"14":{"loc":{"start":{"line":199,"column":11},"end":{"line":214,"column":11}},"type":"binary-expr","locations":[{"start":{"line":199,"column":11},"end":{"line":199,"column":22}},{"start":{"line":199,"column":26},"end":{"line":199,"column":42}},{"start":{"line":200,"column":12},"end":{"line":213,"column":19}}],"line":199},"15":{"loc":{"start":{"line":217,"column":13},"end":{"line":221,"column":107}},"type":"cond-expr","locations":[{"start":{"line":218,"column":16},"end":{"line":218,"column":76}},{"start":{"line":219,"column":16},"end":{"line":221,"column":107}}],"line":217},"16":{"loc":{"start":{"line":219,"column":16},"end":{"line":221,"column":107}},"type":"cond-expr","locations":[{"start":{"line":220,"column":16},"end":{"line":220,"column":79}},{"start":{"line":221,"column":16},"end":{"line":221,"column":107}}],"line":219},"17":{"loc":{"start":{"line":225,"column":35},"end":{"line":225,"column":69}},"type":"binary-expr","locations":[{"start":{"line":225,"column":35},"end":{"line":225,"column":44}},{"start":{"line":225,"column":48},"end":{"line":225,"column":69}}],"line":225},"18":{"loc":{"start":{"line":229,"column":13},"end":{"line":235,"column":13}},"type":"cond-expr","locations":[{"start":{"line":230,"column":14},"end":{"line":230,"column":48}},{"start":{"line":232,"column":14},"end":{"line":234,"column":21}}],"line":229},"19":{"loc":{"start":{"line":233,"column":17},"end":{"line":233,"column":72}},"type":"cond-expr","locations":[{"start":{"line":233,"column":31},"end":{"line":233,"column":55}},{"start":{"line":233,"column":58},"end":{"line":233,"column":72}}],"line":233}},"s":{"0":0,"1":0,"2":0,"3":0,"4":0,"5":0,"6":0,"7":0,"8":0,"9":0,"10":0,"11":0,"12":0,"13":0,"14":0,"15":0,"16":0,"17":0,"18":0,"19":0,"20":0,"21":0,"22":0,"23":0,"24":0,"25":0,"26":0,"27":0,"28":0,"29":0,"30":0,"31":0,"32":0,"33":0,"34":0,"35":0,"36":0,"37":0,"38":0,"39":0,"40":0,"41":0,"42":0,"43":0,"44":0,"45":0,"46":0,"47":0,"48":0,"49":0,"50":0,"51":0,"52":0,"53":0},"f":{"0":0,"1":0,"2":0,"3":0,"4":0,"5":0,"6":0},"b":{"0":[0,0],"1":[0,0],"2":[0,0],"3":[0,0],"4":[0,0],"5":[0,0],"6":[0,0],"7":[0,0],"8":[0,0],"9":[0,0],"10":[0,0],"11":[0,0],"12":[0,0],"13":[0,0],"14":[0,0,0],"15":[0,0],"16":[0,0],"17":[0,0],"18":[0,0],"19":[0,0]}}}}
